[ 2020-02-28T22:58:46+08:00 ] ::1 /
INFO: [ app_init ] --START--
INFO: Run Behavior\BuildLiteBehavior [ RunTime:0.000046s ]
INFO: [ app_init ] --END-- [ RunTime:0.005000s ]
INFO: [ app_begin ] --START--
INFO: Run Behavior\ReadHtmlCacheBehavior [ RunTime:0.001738s ]
INFO: [ app_begin ] --END-- [ RunTime:0.001833s ]
NOTIC: [2] Declaration of Home\Controller\BaseController::display($tpl) should be compatible with Think\Controller::display($templateFile = '', $charset = '', $contentType = '', $content = '', $prefix = '') /Users/kmp/Workspace/Squirreal/squirreal/Application/Home/Controller/BaseController.class.php 第 107 行.
SQL: SHOW COLUMNS FROM `sr_common_lang` [ RunTime:0.0076s ]
SQL: SELECT `lkey`,`en` FROM `sr_common_lang` WHERE `status` = 1 ORDER BY lkey ASC  [ RunTime:0.0067s ]
NOTIC: [8] Undefined index: WEBSITE_FEATURE /Users/kmp/Workspace/Squirreal/squirreal/Application/Home/Controller/BaseController.class.php 第 25 行.
ERR: Too few arguments to function Common\Model\WeblogicModel::service(), 1 passed in /Users/kmp/Workspace/Squirreal/squirreal/Application/Home/Controller/IndexController.class.php on line 18 and exactly 2 expected

[ 2020-02-28T23:25:06+08:00 ] 101.80.210.145 /
INFO: [ app_init ] --START--
INFO: Run Behavior\BuildLiteBehavior [ RunTime:0.000019s ]
INFO: [ app_init ] --END-- [ RunTime:0.000339s ]
INFO: [ app_begin ] --START--
INFO: Run Behavior\ReadHtmlCacheBehavior [ RunTime:0.000369s ]
INFO: [ app_begin ] --END-- [ RunTime:0.000420s ]
NOTIC: [2048] Declaration of Home\Controller\BaseController::display() should be compatible with Think\Controller::display($templateFile = '', $charset = '', $contentType = '', $content = '', $prefix = '') /pool/www/squirreal/Application/Home/Controller/BaseController.class.php 第 113 行.
SQL: SHOW COLUMNS FROM `sr_common_lang` [ RunTime:0.0005s ]
SQL: SELECT `lkey`,`en` FROM `sr_common_lang` WHERE `status` = 1 ORDER BY lkey ASC  [ RunTime:0.0005s ]
NOTIC: [8] Undefined index: WEBSITE_FEATURE /pool/www/squirreal/Application/Home/Controller/BaseController.class.php 第 25 行.
NOTIC: [2] Missing argument 2 for Common\Model\WeblogicModel::service(), called in /pool/www/squirreal/Application/Home/Controller/IndexController.class.php on line 18 and defined /pool/www/squirreal/Application/Common/Model/WeblogicModel.class.php 第 7 行.
NOTIC: [8] Undefined variable: args /pool/www/squirreal/Application/Common/Model/WeblogicModel.class.php 第 11 行.
SQL: SHOW COLUMNS FROM `sr_country` [ RunTime:0.0006s ]
SQL: SELECT country_id AS id,name_en AS name,`abbr`,national_flag AS cover,`web_cover_img`,`is_immigrant`,intro_en AS intro FROM `sr_country` WHERE `status` = 1 AND `is_hot` = 1 ORDER BY sort DESC,country_id DESC LIMIT 20   [ RunTime:0.0003s ]
SQL: SHOW COLUMNS FROM `sr_variables` [ RunTime:0.0004s ]
SQL: SELECT `q` FROM `sr_variables` WHERE `name` = 'country.id.17' LIMIT 1   [ RunTime:0.0002s ]
SQL: SELECT `q` FROM `sr_variables` WHERE `name` = 'country.id.18' LIMIT 1   [ RunTime:0.0001s ]
SQL: SELECT `q` FROM `sr_variables` WHERE `name` = 'country.id.23' LIMIT 1   [ RunTime:0.0001s ]
SQL: SHOW COLUMNS FROM `sr_city` [ RunTime:0.0005s ]
SQL: SELECT ci.city_id AS id,ci.name_en AS name,co.name_en AS country_name,ci.abbr,ci.cover,ci.web_cover_img FROM sr_city ci LEFT JOIN sr_country co ON co.country_id=ci.country_id  WHERE ci.status = 1 AND ci.is_hot = 1 ORDER BY ci.sort DESC,ci.city_id DESC LIMIT 20   [ RunTime:0.0002s ]
SQL: SELECT `q` FROM `sr_variables` WHERE `name` = 'city.id.4' LIMIT 1   [ RunTime:0.0001s ]
SQL: SELECT `q` FROM `sr_variables` WHERE `name` = 'city.id.9' LIMIT 1   [ RunTime:0.0001s ]
SQL: SELECT `q` FROM `sr_variables` WHERE `name` = 'city.id.10' LIMIT 1   [ RunTime:0.0001s ]
SQL: SELECT `q` FROM `sr_variables` WHERE `name` = 'city.id.14' LIMIT 1   [ RunTime:0.0001s ]
SQL: SHOW COLUMNS FROM `sr_media` [ RunTime:0.0004s ]
SQL: SELECT `type`,`mtype`,`link_type`,`link_url`,`file` FROM `sr_media` WHERE `mtype` = 7 AND `status` = 1 AND `source_id` = 0 ORDER BY sort ASC, media_id ASC  [ RunTime:0.0002s ]
NOTIC: [2] Missing argument 2 for Common\Model\WeblogicModel::service(), called in /pool/www/squirreal/Application/Home/Controller/IndexController.class.php on line 24 and defined /pool/www/squirreal/Application/Common/Model/WeblogicModel.class.php 第 7 行.
NOTIC: [8] Undefined variable: args /pool/www/squirreal/Application/Common/Model/WeblogicModel.class.php 第 11 行.
SQL: SHOW COLUMNS FROM `sr_buildings` [ RunTime:0.0004s ]
SQL: SELECT b.building_id AS id,b.name_en AS name,co.name_en AS country_name,ci.name_en AS city_name FROM sr_buildings b LEFT JOIN sr_country co ON co.country_id=b.country_id LEFT JOIN sr_city ci ON ci.city_id=b.city_id  WHERE b.status = 1 AND b.is_hot = 1 ORDER BY b.sort DESC,b.building_id DESC LIMIT 0,20   [ RunTime:0.0003s ]
SQL: SHOW COLUMNS FROM `sr_buildings_apartment` [ RunTime:0.0003s ]
SQL: SHOW COLUMNS FROM `sr_common_tags` [ RunTime:0.0003s ]
SQL: SELECT `name_en` FROM `sr_common_tags` WHERE `type` = 1 AND `source_id` = 11 AND `status` = 1 ORDER BY tag_id ASC LIMIT 1   [ RunTime:0.0002s ]
SQL: SELECT `price_en` FROM `sr_buildings_apartment` WHERE `building_id` = 11 AND `status` = 1 ORDER BY price_en ASC LIMIT 1   [ RunTime:0.0002s ]
SQL: SELECT `file` FROM `sr_media` WHERE `source_id` = 11 AND `type` = 1 AND `mtype` = 3 AND `status` = 1 ORDER BY sort ASC LIMIT 1   [ RunTime:0.0002s ]
SQL: SELECT `q` FROM `sr_variables` WHERE `name` = 'building.id.11' LIMIT 1   [ RunTime:0.0001s ]
SQL: SELECT `name_en` FROM `sr_common_tags` WHERE `type` = 1 AND `source_id` = 10 AND `status` = 1 ORDER BY tag_id ASC LIMIT 1   [ RunTime:0.0002s ]
SQL: SELECT `price_en` FROM `sr_buildings_apartment` WHERE `building_id` = 10 AND `status` = 1 ORDER BY price_en ASC LIMIT 1   [ RunTime:0.0002s ]
SQL: SELECT `file` FROM `sr_media` WHERE `source_id` = 10 AND `type` = 1 AND `mtype` = 3 AND `status` = 1 ORDER BY sort ASC LIMIT 1   [ RunTime:0.0002s ]
SQL: SELECT `q` FROM `sr_variables` WHERE `name` = 'building.id.10' LIMIT 1   [ RunTime:0.0001s ]
SQL: SELECT `name_en` FROM `sr_common_tags` WHERE `type` = 1 AND `source_id` = 7 AND `status` = 1 ORDER BY tag_id ASC LIMIT 1   [ RunTime:0.0002s ]
SQL: SELECT `price_en` FROM `sr_buildings_apartment` WHERE `building_id` = 7 AND `status` = 1 ORDER BY price_en ASC LIMIT 1   [ RunTime:0.0001s ]
SQL: SELECT `file` FROM `sr_media` WHERE `source_id` = 7 AND `type` = 1 AND `mtype` = 3 AND `status` = 1 ORDER BY sort ASC LIMIT 1   [ RunTime:0.0002s ]
SQL: SELECT `q` FROM `sr_variables` WHERE `name` = 'building.id.7' LIMIT 1   [ RunTime:0.0001s ]
SQL: SELECT `name_en` FROM `sr_common_tags` WHERE `type` = 1 AND `source_id` = 5 AND `status` = 1 ORDER BY tag_id ASC LIMIT 1   [ RunTime:0.0001s ]
SQL: SELECT `price_en` FROM `sr_buildings_apartment` WHERE `building_id` = 5 AND `status` = 1 ORDER BY price_en ASC LIMIT 1   [ RunTime:0.0002s ]
SQL: SELECT `file` FROM `sr_media` WHERE `source_id` = 5 AND `type` = 1 AND `mtype` = 3 AND `status` = 1 ORDER BY sort ASC LIMIT 1   [ RunTime:0.0002s ]
SQL: SELECT `q` FROM `sr_variables` WHERE `name` = 'building.id.5' LIMIT 1   [ RunTime:0.0001s ]
SQL: SELECT `name_en` FROM `sr_common_tags` WHERE `type` = 1 AND `source_id` = 4 AND `status` = 1 ORDER BY tag_id ASC LIMIT 1   [ RunTime:0.0001s ]
SQL: SELECT `price_en` FROM `sr_buildings_apartment` WHERE `building_id` = 4 AND `status` = 1 ORDER BY price_en ASC LIMIT 1   [ RunTime:0.0001s ]
SQL: SELECT `file` FROM `sr_media` WHERE `source_id` = 4 AND `type` = 1 AND `mtype` = 3 AND `status` = 1 ORDER BY sort ASC LIMIT 1   [ RunTime:0.0002s ]
SQL: SELECT `q` FROM `sr_variables` WHERE `name` = 'building.id.4' LIMIT 1   [ RunTime:0.0001s ]
SQL: SELECT `name_en` FROM `sr_common_tags` WHERE `type` = 1 AND `source_id` = 8 AND `status` = 1 ORDER BY tag_id ASC LIMIT 1   [ RunTime:0.0001s ]
SQL: SELECT `price_en` FROM `sr_buildings_apartment` WHERE `building_id` = 8 AND `status` = 1 ORDER BY price_en ASC LIMIT 1   [ RunTime:0.0002s ]
SQL: SELECT `file` FROM `sr_media` WHERE `source_id` = 8 AND `type` = 1 AND `mtype` = 3 AND `status` = 1 ORDER BY sort ASC LIMIT 1   [ RunTime:0.0002s ]
SQL: SELECT `q` FROM `sr_variables` WHERE `name` = 'building.id.8' LIMIT 1   [ RunTime:0.0001s ]
SQL: SELECT `name_en` FROM `sr_common_tags` WHERE `type` = 1 AND `source_id` = 6 AND `status` = 1 ORDER BY tag_id ASC LIMIT 1   [ RunTime:0.0001s ]
SQL: SELECT `price_en` FROM `sr_buildings_apartment` WHERE `building_id` = 6 AND `status` = 1 ORDER BY price_en ASC LIMIT 1   [ RunTime:0.0001s ]
SQL: SELECT `file` FROM `sr_media` WHERE `source_id` = 6 AND `type` = 1 AND `mtype` = 3 AND `status` = 1 ORDER BY sort ASC LIMIT 1   [ RunTime:0.0001s ]
SQL: SELECT `q` FROM `sr_variables` WHERE `name` = 'building.id.6' LIMIT 1   [ RunTime:0.0001s ]
NOTIC: [8] Undefined index: page /pool/www/squirreal/Application/Common/Model/WeblogicModel.class.php 第 127 行.
SQL: SHOW COLUMNS FROM `sr_presales` [ RunTime:0.0005s ]
SQL: SELECT p.presale_id AS id,p.type,p.name_en AS name,p.type,p.floor_en AS floor,p.room_en AS room,p.layout_en AS layout,p.area_en AS area,p.balcony_area_en AS balcony_area,p.price_en AS price,co.name_en AS country_name,ci.name_en AS city_name FROM sr_presales p LEFT JOIN sr_country co ON co.country_id=p.country_id LEFT JOIN sr_city ci ON ci.city_id=p.city_id  WHERE p.status = 1 AND p.is_hot = 1 ORDER BY p.sort DESC,p.presale_id DESC LIMIT 0,8   [ RunTime:0.0003s ]
SQL: SELECT `file` FROM `sr_media` WHERE `source_id` = 3 AND `type` = 1 AND `mtype` = 8 AND `status` = 1 ORDER BY sort ASC LIMIT 1,1   [ RunTime:0.0002s ]
SQL: SELECT `q` FROM `sr_variables` WHERE `name` = 'presale.id.3' LIMIT 1   [ RunTime:0.0001s ]
SQL: SELECT `file` FROM `sr_media` WHERE `source_id` = 2 AND `type` = 1 AND `mtype` = 8 AND `status` = 1 ORDER BY sort ASC LIMIT 1,1   [ RunTime:0.0002s ]
SQL: SELECT `q` FROM `sr_variables` WHERE `name` = 'presale.id.2' LIMIT 1   [ RunTime:0.0001s ]
SQL: SELECT `file` FROM `sr_media` WHERE `source_id` = 1 AND `type` = 1 AND `mtype` = 8 AND `status` = 1 ORDER BY sort ASC LIMIT 1,1   [ RunTime:0.0002s ]
SQL: SELECT `q` FROM `sr_variables` WHERE `name` = 'presale.id.1' LIMIT 1   [ RunTime:0.0001s ]
INFO: [ view_parse ] --START--
INFO: [ template_filter ] --START--
INFO: Run Behavior\ContentReplaceBehavior [ RunTime:0.000085s ]
INFO: [ template_filter ] --END-- [ RunTime:0.000162s ]
NOTIC: [8] Undefined index: shareUrl /pool/www/squirreal/Application/Runtime/Cache/Home/d6b2d147f596373d730e4fff7d3c19f1.php 第 275 行.
INFO: Run Behavior\ParseTemplateBehavior [ RunTime:0.007888s ]
INFO: [ view_parse ] --END-- [ RunTime:0.007960s ]
INFO: [ view_filter ] --START--
INFO: Run Behavior\WriteHtmlCacheBehavior [ RunTime:0.000192s ]
INFO: [ view_filter ] --END-- [ RunTime:0.000214s ]
INFO: [ app_end ] --START--
INFO: Run Behavior\ShowPageTraceBehavior [ RunTime:0.000386s ]
INFO: [ app_end ] --END-- [ RunTime:0.000415s ]

