[ 2020-02-27T08:30:50+08:00 ] 101.80.210.145 /api
INFO: [ app_init ] --START--
INFO: Run Behavior\BuildLiteBehavior [ RunTime:0.000013s ]
INFO: [ app_init ] --END-- [ RunTime:0.000236s ]
INFO: [ app_begin ] --START--
INFO: Run Behavior\ReadHtmlCacheBehavior [ RunTime:0.000494s ]
INFO: [ app_begin ] --END-- [ RunTime:0.000561s ]
SQL: SHOW COLUMNS FROM `sr_users` [ RunTime:0.0005s ]
SQL: SHOW COLUMNS FROM `sr_variables` [ RunTime:0.0004s ]
SQL: SELECT `value` FROM `sr_variables` WHERE `q` = 'Rvv9NimNTk' LIMIT 1   [ RunTime:0.0002s ]
SQL: SHOW COLUMNS FROM `sr_common_lang` [ RunTime:0.0005s ]
SQL: SELECT `lkey`,`cn` FROM `sr_common_lang` WHERE `status` = 1 ORDER BY lkey ASC  [ RunTime:0.0004s ]

[ 2020-02-27T08:30:50+08:00 ] 101.80.210.145 /api
INFO: [ app_init ] --START--
INFO: Run Behavior\BuildLiteBehavior [ RunTime:0.000014s ]
INFO: [ app_init ] --END-- [ RunTime:0.000234s ]
INFO: [ app_begin ] --START--
INFO: Run Behavior\ReadHtmlCacheBehavior [ RunTime:0.000346s ]
INFO: [ app_begin ] --END-- [ RunTime:0.000392s ]
SQL: SHOW COLUMNS FROM `sr_users` [ RunTime:0.0005s ]
SQL: SHOW COLUMNS FROM `sr_variables` [ RunTime:0.0005s ]
SQL: SELECT `value` FROM `sr_variables` WHERE `q` = 'Rvv9NimNTk' LIMIT 1   [ RunTime:0.0002s ]
SQL: SELECT * FROM `sr_users` WHERE `user_id` = 14 LIMIT 1   [ RunTime:0.0002s ]

[ 2020-02-27T08:30:51+08:00 ] 101.80.210.145 /api
INFO: [ app_init ] --START--
INFO: Run Behavior\BuildLiteBehavior [ RunTime:0.000016s ]
INFO: [ app_init ] --END-- [ RunTime:0.000264s ]
INFO: [ app_begin ] --START--
INFO: Run Behavior\ReadHtmlCacheBehavior [ RunTime:0.000396s ]
INFO: [ app_begin ] --END-- [ RunTime:0.000467s ]
SQL: SHOW COLUMNS FROM `sr_users` [ RunTime:0.0007s ]
SQL: SHOW COLUMNS FROM `sr_variables` [ RunTime:0.0005s ]
SQL: SELECT `value` FROM `sr_variables` WHERE `q` = 'Rvv9NimNTk' LIMIT 1   [ RunTime:0.0002s ]
SQL: SHOW COLUMNS FROM `sr_buildings` [ RunTime:0.0005s ]
SQL: SELECT b.building_id AS id,b.name_cn AS name,co.name_cn AS country_name,ci.name_cn AS city_name FROM sr_buildings b LEFT JOIN sr_country co ON co.country_id=b.country_id LEFT JOIN sr_city ci ON ci.city_id=b.city_id  WHERE b.status = 1 AND b.is_hot = 1 ORDER BY b.sort DESC,b.building_id DESC LIMIT 0,20   [ RunTime:0.0004s ]
SQL: SHOW COLUMNS FROM `sr_buildings_apartment` [ RunTime:0.0004s ]
SQL: SHOW COLUMNS FROM `sr_media` [ RunTime:0.0003s ]
SQL: SHOW COLUMNS FROM `sr_common_tags` [ RunTime:0.0004s ]
SQL: SELECT `name_cn` FROM `sr_common_tags` WHERE `type` = 1 AND `source_id` = 11 AND `status` = 1 ORDER BY tag_id ASC LIMIT 1   [ RunTime:0.0003s ]
SQL: SELECT `price_cn` FROM `sr_buildings_apartment` WHERE `building_id` = 11 AND `status` = 1 ORDER BY price_cn ASC LIMIT 1   [ RunTime:0.0002s ]
SQL: SELECT `file` FROM `sr_media` WHERE `source_id` = 11 AND `type` = 1 AND `mtype` = 3 AND `status` = 1 ORDER BY sort ASC LIMIT 1   [ RunTime:0.0002s ]
SQL: SELECT `q` FROM `sr_variables` WHERE `name` = 'building.id.11' LIMIT 1   [ RunTime:0.0003s ]
SQL: SELECT `name_cn` FROM `sr_common_tags` WHERE `type` = 1 AND `source_id` = 10 AND `status` = 1 ORDER BY tag_id ASC LIMIT 1   [ RunTime:0.0026s ]
SQL: SELECT `price_cn` FROM `sr_buildings_apartment` WHERE `building_id` = 10 AND `status` = 1 ORDER BY price_cn ASC LIMIT 1   [ RunTime:0.0002s ]
SQL: SELECT `file` FROM `sr_media` WHERE `source_id` = 10 AND `type` = 1 AND `mtype` = 3 AND `status` = 1 ORDER BY sort ASC LIMIT 1   [ RunTime:0.0009s ]
SQL: SELECT `q` FROM `sr_variables` WHERE `name` = 'building.id.10' LIMIT 1   [ RunTime:0.0001s ]
SQL: SELECT `name_cn` FROM `sr_common_tags` WHERE `type` = 1 AND `source_id` = 7 AND `status` = 1 ORDER BY tag_id ASC LIMIT 1   [ RunTime:0.0002s ]
SQL: SELECT `price_cn` FROM `sr_buildings_apartment` WHERE `building_id` = 7 AND `status` = 1 ORDER BY price_cn ASC LIMIT 1   [ RunTime:0.0023s ]
SQL: SELECT `file` FROM `sr_media` WHERE `source_id` = 7 AND `type` = 1 AND `mtype` = 3 AND `status` = 1 ORDER BY sort ASC LIMIT 1   [ RunTime:0.0008s ]
SQL: SELECT `q` FROM `sr_variables` WHERE `name` = 'building.id.7' LIMIT 1   [ RunTime:0.0001s ]
SQL: SELECT `name_cn` FROM `sr_common_tags` WHERE `type` = 1 AND `source_id` = 5 AND `status` = 1 ORDER BY tag_id ASC LIMIT 1   [ RunTime:0.0006s ]
SQL: SELECT `price_cn` FROM `sr_buildings_apartment` WHERE `building_id` = 5 AND `status` = 1 ORDER BY price_cn ASC LIMIT 1   [ RunTime:0.0004s ]
SQL: SELECT `file` FROM `sr_media` WHERE `source_id` = 5 AND `type` = 1 AND `mtype` = 3 AND `status` = 1 ORDER BY sort ASC LIMIT 1   [ RunTime:0.0002s ]
SQL: SELECT `q` FROM `sr_variables` WHERE `name` = 'building.id.5' LIMIT 1   [ RunTime:0.0004s ]
SQL: SELECT `name_cn` FROM `sr_common_tags` WHERE `type` = 1 AND `source_id` = 4 AND `status` = 1 ORDER BY tag_id ASC LIMIT 1   [ RunTime:0.0001s ]
SQL: SELECT `price_cn` FROM `sr_buildings_apartment` WHERE `building_id` = 4 AND `status` = 1 ORDER BY price_cn ASC LIMIT 1   [ RunTime:0.0001s ]
SQL: SELECT `file` FROM `sr_media` WHERE `source_id` = 4 AND `type` = 1 AND `mtype` = 3 AND `status` = 1 ORDER BY sort ASC LIMIT 1   [ RunTime:0.0005s ]
SQL: SELECT `q` FROM `sr_variables` WHERE `name` = 'building.id.4' LIMIT 1   [ RunTime:0.0003s ]
SQL: SELECT `name_cn` FROM `sr_common_tags` WHERE `type` = 1 AND `source_id` = 8 AND `status` = 1 ORDER BY tag_id ASC LIMIT 1   [ RunTime:0.0008s ]
SQL: SELECT `price_cn` FROM `sr_buildings_apartment` WHERE `building_id` = 8 AND `status` = 1 ORDER BY price_cn ASC LIMIT 1   [ RunTime:0.0007s ]
SQL: SELECT `file` FROM `sr_media` WHERE `source_id` = 8 AND `type` = 1 AND `mtype` = 3 AND `status` = 1 ORDER BY sort ASC LIMIT 1   [ RunTime:0.0002s ]
SQL: SELECT `q` FROM `sr_variables` WHERE `name` = 'building.id.8' LIMIT 1   [ RunTime:0.0004s ]
SQL: SELECT `name_cn` FROM `sr_common_tags` WHERE `type` = 1 AND `source_id` = 6 AND `status` = 1 ORDER BY tag_id ASC LIMIT 1   [ RunTime:0.0002s ]
SQL: SELECT `price_cn` FROM `sr_buildings_apartment` WHERE `building_id` = 6 AND `status` = 1 ORDER BY price_cn ASC LIMIT 1   [ RunTime:0.0004s ]
SQL: SELECT `file` FROM `sr_media` WHERE `source_id` = 6 AND `type` = 1 AND `mtype` = 3 AND `status` = 1 ORDER BY sort ASC LIMIT 1   [ RunTime:0.0004s ]
SQL: SELECT `q` FROM `sr_variables` WHERE `name` = 'building.id.6' LIMIT 1   [ RunTime:0.0004s ]

[ 2020-02-27T08:30:51+08:00 ] 101.80.210.145 /api
INFO: [ app_init ] --START--
INFO: Run Behavior\BuildLiteBehavior [ RunTime:0.000017s ]
INFO: [ app_init ] --END-- [ RunTime:0.000331s ]
INFO: [ app_begin ] --START--
INFO: Run Behavior\ReadHtmlCacheBehavior [ RunTime:0.000435s ]
INFO: [ app_begin ] --END-- [ RunTime:0.000497s ]
SQL: SHOW COLUMNS FROM `sr_users` [ RunTime:0.0004s ]
SQL: SHOW COLUMNS FROM `sr_variables` [ RunTime:0.0013s ]
SQL: SELECT `value` FROM `sr_variables` WHERE `q` = 'Rvv9NimNTk' LIMIT 1   [ RunTime:0.0011s ]
NOTIC: [2] Missing argument 2 for Common\Model\WeblogicModel::service(), called in /pool/www/squirreal/Application/Api/Controller/HomeController.class.php on line 18 and defined /pool/www/squirreal/Application/Common/Model/WeblogicModel.class.php 第 7 行.
NOTIC: [8] Undefined variable: args /pool/www/squirreal/Application/Common/Model/WeblogicModel.class.php 第 11 行.
SQL: SHOW COLUMNS FROM `sr_country` [ RunTime:0.0017s ]
SQL: SELECT country_id AS id,name_cn AS name,`abbr`,national_flag AS cover,`web_cover_img`,`is_immigrant`,intro_cn AS intro FROM `sr_country` WHERE `status` = 1 AND `is_hot` = 1 ORDER BY sort DESC,country_id DESC LIMIT 20   [ RunTime:0.0012s ]
SQL: SELECT `q` FROM `sr_variables` WHERE `name` = 'country.id.17' LIMIT 1   [ RunTime:0.0009s ]
SQL: SELECT `q` FROM `sr_variables` WHERE `name` = 'country.id.18' LIMIT 1   [ RunTime:0.0005s ]
SQL: SELECT `q` FROM `sr_variables` WHERE `name` = 'country.id.23' LIMIT 1   [ RunTime:0.0005s ]
SQL: SHOW COLUMNS FROM `sr_city` [ RunTime:0.0008s ]
SQL: SELECT ci.city_id AS id,ci.name_cn AS name,co.name_cn AS country_name,ci.abbr,ci.cover,ci.web_cover_img FROM sr_city ci LEFT JOIN sr_country co ON co.country_id=ci.country_id  WHERE ci.status = 1 AND ci.is_hot = 1 ORDER BY ci.sort DESC,ci.city_id DESC LIMIT 20   [ RunTime:0.0008s ]
SQL: SELECT `q` FROM `sr_variables` WHERE `name` = 'city.id.4' LIMIT 1   [ RunTime:0.0006s ]
SQL: SELECT `q` FROM `sr_variables` WHERE `name` = 'city.id.9' LIMIT 1   [ RunTime:0.0004s ]
SQL: SELECT `q` FROM `sr_variables` WHERE `name` = 'city.id.10' LIMIT 1   [ RunTime:0.0004s ]
SQL: SELECT `q` FROM `sr_variables` WHERE `name` = 'city.id.14' LIMIT 1   [ RunTime:0.0025s ]
SQL: SHOW COLUMNS FROM `sr_media` [ RunTime:0.0005s ]
SQL: SELECT `type`,`mtype`,`link_type`,`link_url`,`file` FROM `sr_media` WHERE `mtype` = 7 AND `status` = 1 AND `source_id` = 0 ORDER BY sort ASC, media_id ASC  [ RunTime:0.0003s ]

[ 2020-02-27T11:17:40+08:00 ] 182.239.117.33 /api
INFO: [ app_init ] --START--
INFO: Run Behavior\BuildLiteBehavior [ RunTime:0.000019s ]
INFO: [ app_init ] --END-- [ RunTime:0.000323s ]
INFO: [ app_begin ] --START--
INFO: Run Behavior\ReadHtmlCacheBehavior [ RunTime:0.000417s ]
INFO: [ app_begin ] --END-- [ RunTime:0.000478s ]
SQL: SHOW COLUMNS FROM `sr_users` [ RunTime:0.0006s ]
SQL: SHOW COLUMNS FROM `sr_variables` [ RunTime:0.0007s ]
SQL: SELECT `value` FROM `sr_variables` WHERE `q` = 'sjWHRNjWz4' LIMIT 1   [ RunTime:0.0003s ]
SQL: SHOW COLUMNS FROM `sr_common_lang` [ RunTime:0.0006s ]
SQL: SELECT `lkey`,`cn` FROM `sr_common_lang` WHERE `status` = 1 ORDER BY lkey ASC  [ RunTime:0.0005s ]

[ 2020-02-27T11:17:40+08:00 ] 182.239.117.33 /api
INFO: [ app_init ] --START--
INFO: Run Behavior\BuildLiteBehavior [ RunTime:0.000012s ]
INFO: [ app_init ] --END-- [ RunTime:0.000269s ]
INFO: [ app_begin ] --START--
INFO: Run Behavior\ReadHtmlCacheBehavior [ RunTime:0.000409s ]
INFO: [ app_begin ] --END-- [ RunTime:0.000459s ]
SQL: SHOW COLUMNS FROM `sr_users` [ RunTime:0.0006s ]
SQL: SHOW COLUMNS FROM `sr_variables` [ RunTime:0.0005s ]
SQL: SELECT `value` FROM `sr_variables` WHERE `q` = 'sjWHRNjWz4' LIMIT 1   [ RunTime:0.0002s ]
SQL: SELECT * FROM `sr_users` WHERE `user_id` = 89 LIMIT 1   [ RunTime:0.0003s ]

[ 2020-02-27T11:17:41+08:00 ] 182.239.117.33 /api
INFO: [ app_init ] --START--
INFO: Run Behavior\BuildLiteBehavior [ RunTime:0.000013s ]
INFO: [ app_init ] --END-- [ RunTime:0.000233s ]
INFO: [ app_begin ] --START--
INFO: Run Behavior\ReadHtmlCacheBehavior [ RunTime:0.000339s ]
INFO: [ app_begin ] --END-- [ RunTime:0.000383s ]
SQL: SHOW COLUMNS FROM `sr_users` [ RunTime:0.0005s ]
SQL: SHOW COLUMNS FROM `sr_variables` [ RunTime:0.0005s ]
SQL: SELECT `value` FROM `sr_variables` WHERE `q` = 'sjWHRNjWz4' LIMIT 1   [ RunTime:0.0002s ]
NOTIC: [2] Missing argument 2 for Common\Model\WeblogicModel::service(), called in /pool/www/squirreal/Application/Api/Controller/HomeController.class.php on line 18 and defined /pool/www/squirreal/Application/Common/Model/WeblogicModel.class.php 第 7 行.
NOTIC: [8] Undefined variable: args /pool/www/squirreal/Application/Common/Model/WeblogicModel.class.php 第 11 行.
SQL: SHOW COLUMNS FROM `sr_country` [ RunTime:0.0021s ]
SQL: SELECT country_id AS id,name_cn AS name,`abbr`,national_flag AS cover,`web_cover_img`,`is_immigrant`,intro_cn AS intro FROM `sr_country` WHERE `status` = 1 AND `is_hot` = 1 ORDER BY sort DESC,country_id DESC LIMIT 20   [ RunTime:0.0019s ]
SQL: SELECT `q` FROM `sr_variables` WHERE `name` = 'country.id.17' LIMIT 1   [ RunTime:0.0002s ]
SQL: SELECT `q` FROM `sr_variables` WHERE `name` = 'country.id.18' LIMIT 1   [ RunTime:0.0005s ]
SQL: SELECT `q` FROM `sr_variables` WHERE `name` = 'country.id.23' LIMIT 1   [ RunTime:0.0005s ]
SQL: SHOW COLUMNS FROM `sr_city` [ RunTime:0.0008s ]
SQL: SELECT ci.city_id AS id,ci.name_cn AS name,co.name_cn AS country_name,ci.abbr,ci.cover,ci.web_cover_img FROM sr_city ci LEFT JOIN sr_country co ON co.country_id=ci.country_id  WHERE ci.status = 1 AND ci.is_hot = 1 ORDER BY ci.sort DESC,ci.city_id DESC LIMIT 20   [ RunTime:0.0006s ]
SQL: SELECT `q` FROM `sr_variables` WHERE `name` = 'city.id.4' LIMIT 1   [ RunTime:0.0005s ]
SQL: SELECT `q` FROM `sr_variables` WHERE `name` = 'city.id.9' LIMIT 1   [ RunTime:0.0005s ]
SQL: SELECT `q` FROM `sr_variables` WHERE `name` = 'city.id.10' LIMIT 1   [ RunTime:0.0006s ]
SQL: SELECT `q` FROM `sr_variables` WHERE `name` = 'city.id.14' LIMIT 1   [ RunTime:0.0004s ]
SQL: SHOW COLUMNS FROM `sr_media` [ RunTime:0.0005s ]
SQL: SELECT `type`,`mtype`,`link_type`,`link_url`,`file` FROM `sr_media` WHERE `mtype` = 7 AND `status` = 1 AND `source_id` = 0 ORDER BY sort ASC, media_id ASC  [ RunTime:0.0008s ]

[ 2020-02-27T11:17:41+08:00 ] 182.239.117.33 /api
INFO: [ app_init ] --START--
INFO: Run Behavior\BuildLiteBehavior [ RunTime:0.000018s ]
INFO: [ app_init ] --END-- [ RunTime:0.000288s ]
INFO: [ app_begin ] --START--
INFO: Run Behavior\ReadHtmlCacheBehavior [ RunTime:0.000447s ]
INFO: [ app_begin ] --END-- [ RunTime:0.000522s ]
SQL: SHOW COLUMNS FROM `sr_users` [ RunTime:0.0007s ]
SQL: SHOW COLUMNS FROM `sr_variables` [ RunTime:0.0006s ]
SQL: SELECT `value` FROM `sr_variables` WHERE `q` = 'sjWHRNjWz4' LIMIT 1   [ RunTime:0.0003s ]
SQL: SHOW COLUMNS FROM `sr_buildings` [ RunTime:0.0074s ]
SQL: SELECT b.building_id AS id,b.name_cn AS name,co.name_cn AS country_name,ci.name_cn AS city_name FROM sr_buildings b LEFT JOIN sr_country co ON co.country_id=b.country_id LEFT JOIN sr_city ci ON ci.city_id=b.city_id  WHERE b.status = 1 AND b.is_hot = 1 ORDER BY b.sort DESC,b.building_id DESC LIMIT 0,20   [ RunTime:0.0004s ]
SQL: SHOW COLUMNS FROM `sr_buildings_apartment` [ RunTime:0.0012s ]
SQL: SHOW COLUMNS FROM `sr_media` [ RunTime:0.0004s ]
SQL: SHOW COLUMNS FROM `sr_common_tags` [ RunTime:0.0003s ]
SQL: SELECT `name_cn` FROM `sr_common_tags` WHERE `type` = 1 AND `source_id` = 11 AND `status` = 1 ORDER BY tag_id ASC LIMIT 1   [ RunTime:0.0009s ]
SQL: SELECT `price_cn` FROM `sr_buildings_apartment` WHERE `building_id` = 11 AND `status` = 1 ORDER BY price_cn ASC LIMIT 1   [ RunTime:0.0004s ]
SQL: SELECT `file` FROM `sr_media` WHERE `source_id` = 11 AND `type` = 1 AND `mtype` = 3 AND `status` = 1 ORDER BY sort ASC LIMIT 1   [ RunTime:0.0008s ]
SQL: SELECT `q` FROM `sr_variables` WHERE `name` = 'building.id.11' LIMIT 1   [ RunTime:0.0007s ]
SQL: SELECT `name_cn` FROM `sr_common_tags` WHERE `type` = 1 AND `source_id` = 10 AND `status` = 1 ORDER BY tag_id ASC LIMIT 1   [ RunTime:0.0004s ]
SQL: SELECT `price_cn` FROM `sr_buildings_apartment` WHERE `building_id` = 10 AND `status` = 1 ORDER BY price_cn ASC LIMIT 1   [ RunTime:0.0005s ]
SQL: SELECT `file` FROM `sr_media` WHERE `source_id` = 10 AND `type` = 1 AND `mtype` = 3 AND `status` = 1 ORDER BY sort ASC LIMIT 1   [ RunTime:0.0004s ]
SQL: SELECT `q` FROM `sr_variables` WHERE `name` = 'building.id.10' LIMIT 1   [ RunTime:0.0001s ]
SQL: SELECT `name_cn` FROM `sr_common_tags` WHERE `type` = 1 AND `source_id` = 7 AND `status` = 1 ORDER BY tag_id ASC LIMIT 1   [ RunTime:0.0004s ]
SQL: SELECT `price_cn` FROM `sr_buildings_apartment` WHERE `building_id` = 7 AND `status` = 1 ORDER BY price_cn ASC LIMIT 1   [ RunTime:0.0011s ]
SQL: SELECT `file` FROM `sr_media` WHERE `source_id` = 7 AND `type` = 1 AND `mtype` = 3 AND `status` = 1 ORDER BY sort ASC LIMIT 1   [ RunTime:0.0002s ]
SQL: SELECT `q` FROM `sr_variables` WHERE `name` = 'building.id.7' LIMIT 1   [ RunTime:0.0026s ]
SQL: SELECT `name_cn` FROM `sr_common_tags` WHERE `type` = 1 AND `source_id` = 5 AND `status` = 1 ORDER BY tag_id ASC LIMIT 1   [ RunTime:0.0003s ]
SQL: SELECT `price_cn` FROM `sr_buildings_apartment` WHERE `building_id` = 5 AND `status` = 1 ORDER BY price_cn ASC LIMIT 1   [ RunTime:0.0002s ]
SQL: SELECT `file` FROM `sr_media` WHERE `source_id` = 5 AND `type` = 1 AND `mtype` = 3 AND `status` = 1 ORDER BY sort ASC LIMIT 1   [ RunTime:0.0002s ]
SQL: SELECT `q` FROM `sr_variables` WHERE `name` = 'building.id.5' LIMIT 1   [ RunTime:0.0001s ]
SQL: SELECT `name_cn` FROM `sr_common_tags` WHERE `type` = 1 AND `source_id` = 4 AND `status` = 1 ORDER BY tag_id ASC LIMIT 1   [ RunTime:0.0001s ]
SQL: SELECT `price_cn` FROM `sr_buildings_apartment` WHERE `building_id` = 4 AND `status` = 1 ORDER BY price_cn ASC LIMIT 1   [ RunTime:0.0001s ]
SQL: SELECT `file` FROM `sr_media` WHERE `source_id` = 4 AND `type` = 1 AND `mtype` = 3 AND `status` = 1 ORDER BY sort ASC LIMIT 1   [ RunTime:0.0002s ]
SQL: SELECT `q` FROM `sr_variables` WHERE `name` = 'building.id.4' LIMIT 1   [ RunTime:0.0001s ]
SQL: SELECT `name_cn` FROM `sr_common_tags` WHERE `type` = 1 AND `source_id` = 8 AND `status` = 1 ORDER BY tag_id ASC LIMIT 1   [ RunTime:0.0001s ]
SQL: SELECT `price_cn` FROM `sr_buildings_apartment` WHERE `building_id` = 8 AND `status` = 1 ORDER BY price_cn ASC LIMIT 1   [ RunTime:0.0001s ]
SQL: SELECT `file` FROM `sr_media` WHERE `source_id` = 8 AND `type` = 1 AND `mtype` = 3 AND `status` = 1 ORDER BY sort ASC LIMIT 1   [ RunTime:0.0002s ]
SQL: SELECT `q` FROM `sr_variables` WHERE `name` = 'building.id.8' LIMIT 1   [ RunTime:0.0001s ]
SQL: SELECT `name_cn` FROM `sr_common_tags` WHERE `type` = 1 AND `source_id` = 6 AND `status` = 1 ORDER BY tag_id ASC LIMIT 1   [ RunTime:0.0001s ]
SQL: SELECT `price_cn` FROM `sr_buildings_apartment` WHERE `building_id` = 6 AND `status` = 1 ORDER BY price_cn ASC LIMIT 1   [ RunTime:0.0001s ]
SQL: SELECT `file` FROM `sr_media` WHERE `source_id` = 6 AND `type` = 1 AND `mtype` = 3 AND `status` = 1 ORDER BY sort ASC LIMIT 1   [ RunTime:0.0002s ]
SQL: SELECT `q` FROM `sr_variables` WHERE `name` = 'building.id.6' LIMIT 1   [ RunTime:0.0001s ]

[ 2020-02-27T11:17:45+08:00 ] 182.239.117.33 /api
INFO: [ app_init ] --START--
INFO: Run Behavior\BuildLiteBehavior [ RunTime:0.000012s ]
INFO: [ app_init ] --END-- [ RunTime:0.000243s ]
INFO: [ app_begin ] --START--
INFO: Run Behavior\ReadHtmlCacheBehavior [ RunTime:0.000432s ]
INFO: [ app_begin ] --END-- [ RunTime:0.000489s ]
SQL: SHOW COLUMNS FROM `sr_users` [ RunTime:0.0011s ]
SQL: SHOW COLUMNS FROM `sr_variables` [ RunTime:0.0006s ]
SQL: SELECT `value` FROM `sr_variables` WHERE `q` = 'sjWHRNjWz4' LIMIT 1   [ RunTime:0.0002s ]
SQL: SELECT `value` FROM `sr_variables` WHERE `q` = 'ON62aJvzZ8' LIMIT 1   [ RunTime:0.0063s ]
SQL: SHOW COLUMNS FROM `sr_city` [ RunTime:0.0008s ]
SQL: SELECT ci.*,co.name_cn AS country_name,co.country_id,co.currency_cn AS currency,co.exchange_rate_cn AS exchange_rate FROM sr_city ci LEFT JOIN sr_country co ON co.country_id=ci.country_id  WHERE ci.status = 1 AND ci.city_id = '10' LIMIT 1   [ RunTime:0.0004s ]
SQL: SELECT `q` FROM `sr_variables` WHERE `name` = 'country.id.18' LIMIT 1   [ RunTime:0.0002s ]
SQL: SHOW COLUMNS FROM `sr_school` [ RunTime:0.0005s ]
SQL: SELECT `name_cn` FROM `sr_school` WHERE `status` = 1 AND `city_id` = 10  [ RunTime:0.0002s ]
SQL: SHOW COLUMNS FROM `sr_media` [ RunTime:0.0004s ]
SQL: SELECT `type`,`mtype`,`link_type`,`link_url`,`file` FROM `sr_media` WHERE `mtype` = 2 AND `status` = 1 AND `source_id` = 10 ORDER BY sort ASC, media_id ASC  [ RunTime:0.0003s ]

[ 2020-02-27T11:17:45+08:00 ] 182.239.117.33 /api
INFO: [ app_init ] --START--
INFO: Run Behavior\BuildLiteBehavior [ RunTime:0.000017s ]
INFO: [ app_init ] --END-- [ RunTime:0.008417s ]
INFO: [ app_begin ] --START--
INFO: Run Behavior\ReadHtmlCacheBehavior [ RunTime:0.000434s ]
INFO: [ app_begin ] --END-- [ RunTime:0.000484s ]
SQL: SHOW COLUMNS FROM `sr_users` [ RunTime:0.0006s ]
SQL: SHOW COLUMNS FROM `sr_variables` [ RunTime:0.0005s ]
SQL: SELECT `value` FROM `sr_variables` WHERE `q` = 'sjWHRNjWz4' LIMIT 1   [ RunTime:0.0002s ]
SQL: SELECT `value` FROM `sr_variables` WHERE `q` = 'ON62aJvzZ8' LIMIT 1   [ RunTime:0.0003s ]
SQL: SHOW COLUMNS FROM `sr_buildings` [ RunTime:0.0006s ]
SQL: SELECT b.building_id AS id,b.name_cn AS name,co.name_cn AS country_name,ci.name_cn AS city_name FROM sr_buildings b LEFT JOIN sr_country co ON co.country_id=b.country_id LEFT JOIN sr_city ci ON ci.city_id=b.city_id  WHERE b.status = 1 AND b.city_id = '10' ORDER BY b.sort DESC,b.building_id DESC LIMIT 0,4   [ RunTime:0.0004s ]
SQL: SHOW COLUMNS FROM `sr_buildings_apartment` [ RunTime:0.0005s ]
SQL: SHOW COLUMNS FROM `sr_media` [ RunTime:0.0005s ]
SQL: SHOW COLUMNS FROM `sr_common_tags` [ RunTime:0.0004s ]
SQL: SELECT `name_cn` FROM `sr_common_tags` WHERE `type` = 1 AND `source_id` = 11 AND `status` = 1 ORDER BY tag_id ASC LIMIT 1   [ RunTime:0.0003s ]
SQL: SELECT `price_cn` FROM `sr_buildings_apartment` WHERE `building_id` = 11 AND `status` = 1 LIMIT 1   [ RunTime:0.0002s ]
SQL: SELECT `file` FROM `sr_media` WHERE `source_id` = 11 AND `type` = 1 AND `mtype` = 3 AND `status` = 1 ORDER BY sort ASC LIMIT 1   [ RunTime:0.0003s ]
SQL: SELECT `q` FROM `sr_variables` WHERE `name` = 'building.id.11' LIMIT 1   [ RunTime:0.0002s ]
SQL: SELECT `name_cn` FROM `sr_common_tags` WHERE `type` = 1 AND `source_id` = 10 AND `status` = 1 ORDER BY tag_id ASC LIMIT 1   [ RunTime:0.0002s ]
SQL: SELECT `price_cn` FROM `sr_buildings_apartment` WHERE `building_id` = 10 AND `status` = 1 LIMIT 1   [ RunTime:0.0002s ]
SQL: SELECT `file` FROM `sr_media` WHERE `source_id` = 10 AND `type` = 1 AND `mtype` = 3 AND `status` = 1 ORDER BY sort ASC LIMIT 1   [ RunTime:0.0003s ]
SQL: SELECT `q` FROM `sr_variables` WHERE `name` = 'building.id.10' LIMIT 1   [ RunTime:0.0002s ]

[ 2020-02-27T11:17:45+08:00 ] 182.239.117.33 /api
INFO: [ app_init ] --START--
INFO: Run Behavior\BuildLiteBehavior [ RunTime:0.000014s ]
INFO: [ app_init ] --END-- [ RunTime:0.000228s ]
INFO: [ app_begin ] --START--
INFO: Run Behavior\ReadHtmlCacheBehavior [ RunTime:0.000433s ]
INFO: [ app_begin ] --END-- [ RunTime:0.000475s ]
SQL: SHOW COLUMNS FROM `sr_users` [ RunTime:0.0006s ]
SQL: SHOW COLUMNS FROM `sr_variables` [ RunTime:0.0004s ]
SQL: SELECT `value` FROM `sr_variables` WHERE `q` = 'sjWHRNjWz4' LIMIT 1   [ RunTime:0.0002s ]
SQL: SELECT `value` FROM `sr_variables` WHERE `q` = 'ON62aJvzZ8' LIMIT 1   [ RunTime:0.0002s ]
SQL: SHOW COLUMNS FROM `sr_presales` [ RunTime:0.0005s ]
SQL: SELECT p.presale_id AS id,p.type,p.name_cn AS name,p.type,p.floor_cn AS floor,p.room_cn AS room,p.layout_cn AS layout,p.area_cn AS area,p.balcony_area_cn AS balcony_area,p.price_cn AS price,co.name_cn AS country_name,ci.name_cn AS city_name FROM sr_presales p LEFT JOIN sr_country co ON co.country_id=p.country_id LEFT JOIN sr_city ci ON ci.city_id=p.city_id  WHERE p.status = 1 AND p.city_id = '10' ORDER BY p.sort DESC,p.presale_id DESC LIMIT 0,5   [ RunTime:0.0003s ]

[ 2020-02-27T11:18:09+08:00 ] 182.239.117.33 /api
INFO: [ app_init ] --START--
INFO: Run Behavior\BuildLiteBehavior [ RunTime:0.000036s ]
INFO: [ app_init ] --END-- [ RunTime:0.000482s ]
INFO: [ app_begin ] --START--
INFO: Run Behavior\ReadHtmlCacheBehavior [ RunTime:0.000414s ]
INFO: [ app_begin ] --END-- [ RunTime:0.000487s ]
SQL: SHOW COLUMNS FROM `sr_users` [ RunTime:0.0006s ]
SQL: SHOW COLUMNS FROM `sr_variables` [ RunTime:0.0005s ]
SQL: SELECT `value` FROM `sr_variables` WHERE `q` = 'sjWHRNjWz4' LIMIT 1   [ RunTime:0.0002s ]
SQL: SELECT `value` FROM `sr_variables` WHERE `q` = 'ON62aJvzZ8' LIMIT 1   [ RunTime:0.0002s ]
SQL: SHOW COLUMNS FROM `sr_buildings` [ RunTime:0.0005s ]
SQL: SELECT b.building_id AS id,b.name_cn AS name,co.name_cn AS country_name,ci.name_cn AS city_name FROM sr_buildings b LEFT JOIN sr_country co ON co.country_id=b.country_id LEFT JOIN sr_city ci ON ci.city_id=b.city_id  WHERE b.status = 1 AND b.city_id = '10' ORDER BY b.sort DESC,b.building_id DESC LIMIT 0,20   [ RunTime:0.0003s ]
SQL: SHOW COLUMNS FROM `sr_buildings_apartment` [ RunTime:0.0004s ]
SQL: SHOW COLUMNS FROM `sr_media` [ RunTime:0.0003s ]
SQL: SHOW COLUMNS FROM `sr_common_tags` [ RunTime:0.0003s ]
SQL: SELECT `name_cn` FROM `sr_common_tags` WHERE `type` = 1 AND `source_id` = 11 AND `status` = 1 ORDER BY tag_id ASC LIMIT 1   [ RunTime:0.0002s ]
SQL: SELECT `price_cn` FROM `sr_buildings_apartment` WHERE `building_id` = 11 AND `status` = 1 LIMIT 1   [ RunTime:0.0001s ]
SQL: SELECT `file` FROM `sr_media` WHERE `source_id` = 11 AND `type` = 1 AND `mtype` = 3 AND `status` = 1 ORDER BY sort ASC LIMIT 1   [ RunTime:0.0002s ]
SQL: SELECT `q` FROM `sr_variables` WHERE `name` = 'building.id.11' LIMIT 1   [ RunTime:0.0001s ]
SQL: SELECT `name_cn` FROM `sr_common_tags` WHERE `type` = 1 AND `source_id` = 10 AND `status` = 1 ORDER BY tag_id ASC LIMIT 1   [ RunTime:0.0002s ]
SQL: SELECT `price_cn` FROM `sr_buildings_apartment` WHERE `building_id` = 10 AND `status` = 1 LIMIT 1   [ RunTime:0.0001s ]
SQL: SELECT `file` FROM `sr_media` WHERE `source_id` = 10 AND `type` = 1 AND `mtype` = 3 AND `status` = 1 ORDER BY sort ASC LIMIT 1   [ RunTime:0.0002s ]
SQL: SELECT `q` FROM `sr_variables` WHERE `name` = 'building.id.10' LIMIT 1   [ RunTime:0.0001s ]

[ 2020-02-27T11:18:11+08:00 ] 182.239.117.33 /api
INFO: [ app_init ] --START--
INFO: Run Behavior\BuildLiteBehavior [ RunTime:0.000018s ]
INFO: [ app_init ] --END-- [ RunTime:0.000296s ]
INFO: [ app_begin ] --START--
INFO: Run Behavior\ReadHtmlCacheBehavior [ RunTime:0.000532s ]
INFO: [ app_begin ] --END-- [ RunTime:0.000607s ]
SQL: SHOW COLUMNS FROM `sr_users` [ RunTime:0.0007s ]
SQL: SHOW COLUMNS FROM `sr_variables` [ RunTime:0.0006s ]
SQL: SELECT `value` FROM `sr_variables` WHERE `q` = 'sjWHRNjWz4' LIMIT 1   [ RunTime:0.0003s ]
SQL: SELECT `value` FROM `sr_variables` WHERE `q` = 'ggGtFGlnan' LIMIT 1   [ RunTime:0.0003s ]
SQL: SHOW COLUMNS FROM `sr_buildings` [ RunTime:0.0008s ]
SQL: SELECT b.*,co.name_cn AS country_name,co.country_id,co.lending_rate AS lending_rate,ci.name_cn AS city_name,ci.city_id FROM sr_buildings b LEFT JOIN sr_country co ON co.country_id=b.country_id LEFT JOIN sr_city ci ON ci.city_id=b.city_id  WHERE b.status = 1 AND b.building_id = '11' LIMIT 1   [ RunTime:0.0004s ]
SQL: SELECT `q` FROM `sr_variables` WHERE `name` = 'country_id.18' LIMIT 1   [ RunTime:0.0002s ]
SQL: SELECT `q` FROM `sr_variables` WHERE `name` = 'city_id.10' LIMIT 1   [ RunTime:0.0001s ]
SQL: SHOW COLUMNS FROM `sr_media` [ RunTime:0.0006s ]
SQL: SELECT `file` FROM `sr_media` WHERE `mtype` = 5 AND `status` = 1 AND `source_id` = 11 ORDER BY sort ASC, media_id ASC LIMIT 1   [ RunTime:0.0003s ]
SQL: SELECT `type`,`mtype`,`link_type`,`link_url`,`file` FROM `sr_media` WHERE `mtype` = 3 AND `status` = 1 AND `source_id` = 11 ORDER BY sort ASC, media_id ASC  [ RunTime:0.0003s ]
SQL: SHOW COLUMNS FROM `sr_brokers` [ RunTime:0.0005s ]
SQL: SELECT name_cn AS name,certificate_cn AS certificate,languages_cn AS languages,experience_cn AS experience,education_cn AS education,`avatar`,`birthday`,`tel` FROM `sr_brokers` WHERE `status` = 1 AND `broker_id` = 4 LIMIT 1   [ RunTime:0.0002s ]
SQL: SHOW COLUMNS FROM `sr_buildings_apartment` [ RunTime:0.0005s ]
SQL: SELECT name_cn AS name,area_cn AS area,price_cn AS price FROM `sr_buildings_apartment` WHERE `status` = 1 AND `building_id` = 11 ORDER BY aid ASC  [ RunTime:0.0002s ]
SQL: SHOW COLUMNS FROM `sr_common_tags` [ RunTime:0.0005s ]
SQL: SELECT name_cn AS name,intro_cn AS intro,`icon` FROM `sr_common_tags` WHERE `status` = 1 AND `type` = 1 AND `source_id` = 11 ORDER BY tag_id ASC LIMIT 0,4   [ RunTime:0.0002s ]
SQL: SELECT name_cn AS name,intro_cn AS intro,`icon` FROM `sr_common_tags` WHERE `status` = 1 AND `type` = 1 AND `source_id` = 11 ORDER BY tag_id ASC LIMIT 4,4   [ RunTime:0.0002s ]
SQL: SELECT `type`,`mtype`,`link_type`,`link_url`,`file` FROM `sr_media` WHERE `mtype` = 4 AND `status` = 1 AND `source_id` = 11 ORDER BY sort ASC, media_id ASC  [ RunTime:0.0002s ]
SQL: SHOW COLUMNS FROM `sr_common_lang` [ RunTime:0.0005s ]
SQL: SELECT `cn` FROM `sr_common_lang` WHERE `lkey` = 'YEAR' LIMIT 1   [ RunTime:0.0002s ]

[ 2020-02-27T11:18:25+08:00 ] 182.239.117.33 /api
INFO: [ app_init ] --START--
INFO: Run Behavior\BuildLiteBehavior [ RunTime:0.000019s ]
INFO: [ app_init ] --END-- [ RunTime:0.000320s ]
INFO: [ app_begin ] --START--
INFO: Run Behavior\ReadHtmlCacheBehavior [ RunTime:0.000484s ]
INFO: [ app_begin ] --END-- [ RunTime:0.000552s ]
SQL: SHOW COLUMNS FROM `sr_users` [ RunTime:0.0007s ]
SQL: SHOW COLUMNS FROM `sr_variables` [ RunTime:0.0006s ]
SQL: SELECT `value` FROM `sr_variables` WHERE `q` = 'sjWHRNjWz4' LIMIT 1   [ RunTime:0.0002s ]
SQL: SELECT `value` FROM `sr_variables` WHERE `q` = 'ggGtFGlnan' LIMIT 1   [ RunTime:0.0002s ]
SQL: SHOW COLUMNS FROM `sr_buildings` [ RunTime:0.0007s ]
SQL: SELECT b.*,co.name_cn AS country_name,co.country_id,co.lending_rate AS lending_rate,ci.name_cn AS city_name,ci.city_id FROM sr_buildings b LEFT JOIN sr_country co ON co.country_id=b.country_id LEFT JOIN sr_city ci ON ci.city_id=b.city_id  WHERE b.status = 1 AND b.building_id = '11' LIMIT 1   [ RunTime:0.0003s ]
SQL: SELECT `q` FROM `sr_variables` WHERE `name` = 'country_id.18' LIMIT 1   [ RunTime:0.0002s ]
SQL: SELECT `q` FROM `sr_variables` WHERE `name` = 'city_id.10' LIMIT 1   [ RunTime:0.0001s ]
SQL: SHOW COLUMNS FROM `sr_media` [ RunTime:0.0004s ]
SQL: SELECT `file` FROM `sr_media` WHERE `mtype` = 5 AND `status` = 1 AND `source_id` = 11 ORDER BY sort ASC, media_id ASC LIMIT 1   [ RunTime:0.0003s ]
SQL: SELECT `type`,`mtype`,`link_type`,`link_url`,`file` FROM `sr_media` WHERE `mtype` = 3 AND `status` = 1 AND `source_id` = 11 ORDER BY sort ASC, media_id ASC  [ RunTime:0.0003s ]
SQL: SHOW COLUMNS FROM `sr_brokers` [ RunTime:0.0004s ]
SQL: SELECT name_cn AS name,certificate_cn AS certificate,languages_cn AS languages,experience_cn AS experience,education_cn AS education,`avatar`,`birthday`,`tel` FROM `sr_brokers` WHERE `status` = 1 AND `broker_id` = 4 LIMIT 1   [ RunTime:0.0002s ]
SQL: SHOW COLUMNS FROM `sr_buildings_apartment` [ RunTime:0.0003s ]
SQL: SELECT name_cn AS name,area_cn AS area,price_cn AS price FROM `sr_buildings_apartment` WHERE `status` = 1 AND `building_id` = 11 ORDER BY aid ASC  [ RunTime:0.0002s ]
SQL: SHOW COLUMNS FROM `sr_common_tags` [ RunTime:0.0003s ]
SQL: SELECT name_cn AS name,intro_cn AS intro,`icon` FROM `sr_common_tags` WHERE `status` = 1 AND `type` = 1 AND `source_id` = 11 ORDER BY tag_id ASC LIMIT 0,4   [ RunTime:0.0002s ]
SQL: SELECT name_cn AS name,intro_cn AS intro,`icon` FROM `sr_common_tags` WHERE `status` = 1 AND `type` = 1 AND `source_id` = 11 ORDER BY tag_id ASC LIMIT 4,4   [ RunTime:0.0002s ]
SQL: SELECT `type`,`mtype`,`link_type`,`link_url`,`file` FROM `sr_media` WHERE `mtype` = 4 AND `status` = 1 AND `source_id` = 11 ORDER BY sort ASC, media_id ASC  [ RunTime:0.0002s ]
SQL: SHOW COLUMNS FROM `sr_common_lang` [ RunTime:0.0003s ]
SQL: SELECT `cn` FROM `sr_common_lang` WHERE `lkey` = 'YEAR' LIMIT 1   [ RunTime:0.0002s ]

[ 2020-02-27T11:19:20+08:00 ] 182.239.117.33 /api
INFO: [ app_init ] --START--
INFO: Run Behavior\BuildLiteBehavior [ RunTime:0.000017s ]
INFO: [ app_init ] --END-- [ RunTime:0.000260s ]
INFO: [ app_begin ] --START--
INFO: Run Behavior\ReadHtmlCacheBehavior [ RunTime:0.000382s ]
INFO: [ app_begin ] --END-- [ RunTime:0.000440s ]
SQL: SHOW COLUMNS FROM `sr_users` [ RunTime:0.0006s ]
SQL: SHOW COLUMNS FROM `sr_variables` [ RunTime:0.0006s ]
SQL: SELECT `value` FROM `sr_variables` WHERE `q` = 'sjWHRNjWz4' LIMIT 1   [ RunTime:0.0002s ]
SQL: SELECT `value` FROM `sr_variables` WHERE `q` = 'BPUJoPVJSN' LIMIT 1   [ RunTime:0.0002s ]
SQL: SHOW COLUMNS FROM `sr_buildings` [ RunTime:0.0006s ]
SQL: SELECT b.*,co.name_cn AS country_name,co.country_id,co.lending_rate AS lending_rate,ci.name_cn AS city_name,ci.city_id FROM sr_buildings b LEFT JOIN sr_country co ON co.country_id=b.country_id LEFT JOIN sr_city ci ON ci.city_id=b.city_id  WHERE b.status = 1 AND b.building_id = '10' LIMIT 1   [ RunTime:0.0004s ]
SQL: SELECT `q` FROM `sr_variables` WHERE `name` = 'country_id.18' LIMIT 1   [ RunTime:0.0002s ]
SQL: SELECT `q` FROM `sr_variables` WHERE `name` = 'city_id.10' LIMIT 1   [ RunTime:0.0001s ]
SQL: SHOW COLUMNS FROM `sr_media` [ RunTime:0.0004s ]
SQL: SELECT `file` FROM `sr_media` WHERE `mtype` = 5 AND `status` = 1 AND `source_id` = 10 ORDER BY sort ASC, media_id ASC LIMIT 1   [ RunTime:0.0002s ]
SQL: SELECT `type`,`mtype`,`link_type`,`link_url`,`file` FROM `sr_media` WHERE `mtype` = 3 AND `status` = 1 AND `source_id` = 10 ORDER BY sort ASC, media_id ASC  [ RunTime:0.0002s ]
SQL: SHOW COLUMNS FROM `sr_brokers` [ RunTime:0.0004s ]
SQL: SELECT name_cn AS name,certificate_cn AS certificate,languages_cn AS languages,experience_cn AS experience,education_cn AS education,`avatar`,`birthday`,`tel` FROM `sr_brokers` WHERE `status` = 1 AND `broker_id` = 4 LIMIT 1   [ RunTime:0.0002s ]
SQL: SHOW COLUMNS FROM `sr_buildings_apartment` [ RunTime:0.0003s ]
SQL: SELECT name_cn AS name,area_cn AS area,price_cn AS price FROM `sr_buildings_apartment` WHERE `status` = 1 AND `building_id` = 10 ORDER BY aid ASC  [ RunTime:0.0002s ]
SQL: SHOW COLUMNS FROM `sr_common_tags` [ RunTime:0.0003s ]
SQL: SELECT name_cn AS name,intro_cn AS intro,`icon` FROM `sr_common_tags` WHERE `status` = 1 AND `type` = 1 AND `source_id` = 10 ORDER BY tag_id ASC LIMIT 0,4   [ RunTime:0.0002s ]
SQL: SELECT name_cn AS name,intro_cn AS intro,`icon` FROM `sr_common_tags` WHERE `status` = 1 AND `type` = 1 AND `source_id` = 10 ORDER BY tag_id ASC LIMIT 4,4   [ RunTime:0.0002s ]
SQL: SELECT `type`,`mtype`,`link_type`,`link_url`,`file` FROM `sr_media` WHERE `mtype` = 4 AND `status` = 1 AND `source_id` = 10 ORDER BY sort ASC, media_id ASC  [ RunTime:0.0002s ]
SQL: SHOW COLUMNS FROM `sr_common_lang` [ RunTime:0.0003s ]
SQL: SELECT `cn` FROM `sr_common_lang` WHERE `lkey` = 'YEAR' LIMIT 1   [ RunTime:0.0001s ]

[ 2020-02-27T11:20:50+08:00 ] 182.239.117.33 /api
INFO: [ app_init ] --START--
INFO: Run Behavior\BuildLiteBehavior [ RunTime:0.000026s ]
INFO: [ app_init ] --END-- [ RunTime:0.000390s ]
INFO: [ app_begin ] --START--
INFO: Run Behavior\ReadHtmlCacheBehavior [ RunTime:0.000480s ]
INFO: [ app_begin ] --END-- [ RunTime:0.000544s ]
SQL: SHOW COLUMNS FROM `sr_users` [ RunTime:0.0007s ]
SQL: SHOW COLUMNS FROM `sr_variables` [ RunTime:0.0007s ]
SQL: SELECT `value` FROM `sr_variables` WHERE `q` = 'sjWHRNjWz4' LIMIT 1   [ RunTime:0.0004s ]
SQL: SHOW COLUMNS FROM `sr_buildings` [ RunTime:0.0007s ]
SQL: SELECT b.building_id AS id,b.name_cn AS name,co.name_cn AS country_name,ci.name_cn AS city_name FROM sr_buildings b LEFT JOIN sr_country co ON co.country_id=b.country_id LEFT JOIN sr_city ci ON ci.city_id=b.city_id  WHERE b.status = 1 AND b.is_hot = 1 ORDER BY b.sort DESC,b.building_id DESC LIMIT 20,20   [ RunTime:0.0004s ]

[ 2020-02-27T11:20:51+08:00 ] 182.239.117.33 /api
INFO: [ app_init ] --START--
INFO: Run Behavior\BuildLiteBehavior [ RunTime:0.000015s ]
INFO: [ app_init ] --END-- [ RunTime:0.000287s ]
INFO: [ app_begin ] --START--
INFO: Run Behavior\ReadHtmlCacheBehavior [ RunTime:0.000395s ]
INFO: [ app_begin ] --END-- [ RunTime:0.000453s ]
SQL: SHOW COLUMNS FROM `sr_users` [ RunTime:0.0005s ]
SQL: SHOW COLUMNS FROM `sr_variables` [ RunTime:0.0005s ]
SQL: SELECT `value` FROM `sr_variables` WHERE `q` = 'sjWHRNjWz4' LIMIT 1   [ RunTime:0.0002s ]
SQL: SHOW COLUMNS FROM `sr_buildings` [ RunTime:0.0005s ]
SQL: SELECT b.building_id AS id,b.name_cn AS name,co.name_cn AS country_name,ci.name_cn AS city_name FROM sr_buildings b LEFT JOIN sr_country co ON co.country_id=b.country_id LEFT JOIN sr_city ci ON ci.city_id=b.city_id  WHERE b.status = 1 AND b.is_hot = 1 ORDER BY b.sort DESC,b.building_id DESC LIMIT 20,20   [ RunTime:0.0004s ]

[ 2020-02-27T11:26:42+08:00 ] 110.156.54.3 /api
INFO: [ app_init ] --START--
INFO: Run Behavior\BuildLiteBehavior [ RunTime:0.000014s ]
INFO: [ app_init ] --END-- [ RunTime:0.000248s ]
INFO: [ app_begin ] --START--
INFO: Run Behavior\ReadHtmlCacheBehavior [ RunTime:0.000521s ]
INFO: [ app_begin ] --END-- [ RunTime:0.000607s ]
SQL: SHOW COLUMNS FROM `sr_users` [ RunTime:0.0006s ]

[ 2020-02-27T11:26:42+08:00 ] 110.156.54.3 /api
INFO: [ app_init ] --START--
INFO: Run Behavior\BuildLiteBehavior [ RunTime:0.000022s ]
INFO: [ app_init ] --END-- [ RunTime:0.000386s ]
INFO: [ app_begin ] --START--
INFO: Run Behavior\ReadHtmlCacheBehavior [ RunTime:0.000573s ]
INFO: [ app_begin ] --END-- [ RunTime:0.000669s ]
SQL: SHOW COLUMNS FROM `sr_users` [ RunTime:0.0006s ]
SQL: SHOW COLUMNS FROM `sr_common_lang` [ RunTime:0.0005s ]
SQL: SELECT `lkey`,`cn` FROM `sr_common_lang` WHERE `status` = 1 ORDER BY lkey ASC  [ RunTime:0.0005s ]

[ 2020-02-27T11:26:42+08:00 ] 110.156.54.3 /api
INFO: [ app_init ] --START--
INFO: Run Behavior\BuildLiteBehavior [ RunTime:0.000019s ]
INFO: [ app_init ] --END-- [ RunTime:0.000266s ]
INFO: [ app_begin ] --START--
INFO: Run Behavior\ReadHtmlCacheBehavior [ RunTime:0.000425s ]
INFO: [ app_begin ] --END-- [ RunTime:0.000482s ]
SQL: SHOW COLUMNS FROM `sr_users` [ RunTime:0.0006s ]
SQL: SHOW COLUMNS FROM `sr_buildings` [ RunTime:0.0032s ]
SQL: SELECT b.building_id AS id,b.name_cn AS name,co.name_cn AS country_name,ci.name_cn AS city_name FROM sr_buildings b LEFT JOIN sr_country co ON co.country_id=b.country_id LEFT JOIN sr_city ci ON ci.city_id=b.city_id  WHERE b.status = 1 AND b.is_hot = 1 ORDER BY b.sort DESC,b.building_id DESC LIMIT 0,20   [ RunTime:0.0005s ]
SQL: SHOW COLUMNS FROM `sr_buildings_apartment` [ RunTime:0.0004s ]
SQL: SHOW COLUMNS FROM `sr_media` [ RunTime:0.0004s ]
SQL: SHOW COLUMNS FROM `sr_common_tags` [ RunTime:0.0003s ]
SQL: SELECT `name_cn` FROM `sr_common_tags` WHERE `type` = 1 AND `source_id` = 11 AND `status` = 1 ORDER BY tag_id ASC LIMIT 1   [ RunTime:0.0002s ]
SQL: SELECT `price_cn` FROM `sr_buildings_apartment` WHERE `building_id` = 11 AND `status` = 1 ORDER BY price_cn ASC LIMIT 1   [ RunTime:0.0002s ]
SQL: SELECT `file` FROM `sr_media` WHERE `source_id` = 11 AND `type` = 1 AND `mtype` = 3 AND `status` = 1 ORDER BY sort ASC LIMIT 1   [ RunTime:0.0002s ]
SQL: SHOW COLUMNS FROM `sr_variables` [ RunTime:0.0003s ]
SQL: SELECT `q` FROM `sr_variables` WHERE `name` = 'building.id.11' LIMIT 1   [ RunTime:0.0002s ]
SQL: SELECT `name_cn` FROM `sr_common_tags` WHERE `type` = 1 AND `source_id` = 10 AND `status` = 1 ORDER BY tag_id ASC LIMIT 1   [ RunTime:0.0002s ]
SQL: SELECT `price_cn` FROM `sr_buildings_apartment` WHERE `building_id` = 10 AND `status` = 1 ORDER BY price_cn ASC LIMIT 1   [ RunTime:0.0001s ]
SQL: SELECT `file` FROM `sr_media` WHERE `source_id` = 10 AND `type` = 1 AND `mtype` = 3 AND `status` = 1 ORDER BY sort ASC LIMIT 1   [ RunTime:0.0002s ]
SQL: SELECT `q` FROM `sr_variables` WHERE `name` = 'building.id.10' LIMIT 1   [ RunTime:0.0001s ]
SQL: SELECT `name_cn` FROM `sr_common_tags` WHERE `type` = 1 AND `source_id` = 7 AND `status` = 1 ORDER BY tag_id ASC LIMIT 1   [ RunTime:0.0001s ]
SQL: SELECT `price_cn` FROM `sr_buildings_apartment` WHERE `building_id` = 7 AND `status` = 1 ORDER BY price_cn ASC LIMIT 1   [ RunTime:0.0001s ]
SQL: SELECT `file` FROM `sr_media` WHERE `source_id` = 7 AND `type` = 1 AND `mtype` = 3 AND `status` = 1 ORDER BY sort ASC LIMIT 1   [ RunTime:0.0002s ]
SQL: SELECT `q` FROM `sr_variables` WHERE `name` = 'building.id.7' LIMIT 1   [ RunTime:0.0001s ]
SQL: SELECT `name_cn` FROM `sr_common_tags` WHERE `type` = 1 AND `source_id` = 5 AND `status` = 1 ORDER BY tag_id ASC LIMIT 1   [ RunTime:0.0002s ]
SQL: SELECT `price_cn` FROM `sr_buildings_apartment` WHERE `building_id` = 5 AND `status` = 1 ORDER BY price_cn ASC LIMIT 1   [ RunTime:0.0002s ]
SQL: SELECT `file` FROM `sr_media` WHERE `source_id` = 5 AND `type` = 1 AND `mtype` = 3 AND `status` = 1 ORDER BY sort ASC LIMIT 1   [ RunTime:0.0002s ]
SQL: SELECT `q` FROM `sr_variables` WHERE `name` = 'building.id.5' LIMIT 1   [ RunTime:0.0001s ]
SQL: SELECT `name_cn` FROM `sr_common_tags` WHERE `type` = 1 AND `source_id` = 4 AND `status` = 1 ORDER BY tag_id ASC LIMIT 1   [ RunTime:0.0001s ]
SQL: SELECT `price_cn` FROM `sr_buildings_apartment` WHERE `building_id` = 4 AND `status` = 1 ORDER BY price_cn ASC LIMIT 1   [ RunTime:0.0002s ]
SQL: SELECT `file` FROM `sr_media` WHERE `source_id` = 4 AND `type` = 1 AND `mtype` = 3 AND `status` = 1 ORDER BY sort ASC LIMIT 1   [ RunTime:0.0002s ]
SQL: SELECT `q` FROM `sr_variables` WHERE `name` = 'building.id.4' LIMIT 1   [ RunTime:0.0001s ]
SQL: SELECT `name_cn` FROM `sr_common_tags` WHERE `type` = 1 AND `source_id` = 8 AND `status` = 1 ORDER BY tag_id ASC LIMIT 1   [ RunTime:0.0001s ]
SQL: SELECT `price_cn` FROM `sr_buildings_apartment` WHERE `building_id` = 8 AND `status` = 1 ORDER BY price_cn ASC LIMIT 1   [ RunTime:0.0002s ]
SQL: SELECT `file` FROM `sr_media` WHERE `source_id` = 8 AND `type` = 1 AND `mtype` = 3 AND `status` = 1 ORDER BY sort ASC LIMIT 1   [ RunTime:0.0002s ]
SQL: SELECT `q` FROM `sr_variables` WHERE `name` = 'building.id.8' LIMIT 1   [ RunTime:0.0001s ]
SQL: SELECT `name_cn` FROM `sr_common_tags` WHERE `type` = 1 AND `source_id` = 6 AND `status` = 1 ORDER BY tag_id ASC LIMIT 1   [ RunTime:0.0001s ]
SQL: SELECT `price_cn` FROM `sr_buildings_apartment` WHERE `building_id` = 6 AND `status` = 1 ORDER BY price_cn ASC LIMIT 1   [ RunTime:0.0002s ]
SQL: SELECT `file` FROM `sr_media` WHERE `source_id` = 6 AND `type` = 1 AND `mtype` = 3 AND `status` = 1 ORDER BY sort ASC LIMIT 1   [ RunTime:0.0001s ]
SQL: SELECT `q` FROM `sr_variables` WHERE `name` = 'building.id.6' LIMIT 1   [ RunTime:0.0001s ]

[ 2020-02-27T11:26:42+08:00 ] 110.156.54.3 /api
INFO: [ app_init ] --START--
INFO: Run Behavior\BuildLiteBehavior [ RunTime:0.000013s ]
INFO: [ app_init ] --END-- [ RunTime:0.000238s ]
INFO: [ app_begin ] --START--
INFO: Run Behavior\ReadHtmlCacheBehavior [ RunTime:0.000347s ]
INFO: [ app_begin ] --END-- [ RunTime:0.000397s ]
SQL: SHOW COLUMNS FROM `sr_users` [ RunTime:0.0006s ]
NOTIC: [2] Missing argument 2 for Common\Model\WeblogicModel::service(), called in /pool/www/squirreal/Application/Api/Controller/HomeController.class.php on line 18 and defined /pool/www/squirreal/Application/Common/Model/WeblogicModel.class.php 第 7 行.
NOTIC: [8] Undefined variable: args /pool/www/squirreal/Application/Common/Model/WeblogicModel.class.php 第 11 行.
SQL: SHOW COLUMNS FROM `sr_country` [ RunTime:0.0007s ]
SQL: SELECT country_id AS id,name_cn AS name,`abbr`,national_flag AS cover,`web_cover_img`,`is_immigrant`,intro_cn AS intro FROM `sr_country` WHERE `status` = 1 AND `is_hot` = 1 ORDER BY sort DESC,country_id DESC LIMIT 20   [ RunTime:0.0003s ]
SQL: SHOW COLUMNS FROM `sr_variables` [ RunTime:0.0004s ]
SQL: SELECT `q` FROM `sr_variables` WHERE `name` = 'country.id.17' LIMIT 1   [ RunTime:0.0002s ]
SQL: SELECT `q` FROM `sr_variables` WHERE `name` = 'country.id.18' LIMIT 1   [ RunTime:0.0001s ]
SQL: SELECT `q` FROM `sr_variables` WHERE `name` = 'country.id.23' LIMIT 1   [ RunTime:0.0001s ]
SQL: SHOW COLUMNS FROM `sr_city` [ RunTime:0.0005s ]
SQL: SELECT ci.city_id AS id,ci.name_cn AS name,co.name_cn AS country_name,ci.abbr,ci.cover,ci.web_cover_img FROM sr_city ci LEFT JOIN sr_country co ON co.country_id=ci.country_id  WHERE ci.status = 1 AND ci.is_hot = 1 ORDER BY ci.sort DESC,ci.city_id DESC LIMIT 20   [ RunTime:0.0003s ]
SQL: SELECT `q` FROM `sr_variables` WHERE `name` = 'city.id.4' LIMIT 1   [ RunTime:0.0001s ]
SQL: SELECT `q` FROM `sr_variables` WHERE `name` = 'city.id.9' LIMIT 1   [ RunTime:0.0001s ]
SQL: SELECT `q` FROM `sr_variables` WHERE `name` = 'city.id.10' LIMIT 1   [ RunTime:0.0001s ]
SQL: SELECT `q` FROM `sr_variables` WHERE `name` = 'city.id.14' LIMIT 1   [ RunTime:0.0001s ]
SQL: SHOW COLUMNS FROM `sr_media` [ RunTime:0.0004s ]
SQL: SELECT `type`,`mtype`,`link_type`,`link_url`,`file` FROM `sr_media` WHERE `mtype` = 7 AND `status` = 1 AND `source_id` = 0 ORDER BY sort ASC, media_id ASC  [ RunTime:0.0002s ]

[ 2020-02-27T11:26:50+08:00 ] 110.156.54.3 /api
INFO: [ app_init ] --START--
INFO: Run Behavior\BuildLiteBehavior [ RunTime:0.000020s ]
INFO: [ app_init ] --END-- [ RunTime:0.000362s ]
INFO: [ app_begin ] --START--
INFO: Run Behavior\ReadHtmlCacheBehavior [ RunTime:0.000565s ]
INFO: [ app_begin ] --END-- [ RunTime:0.000657s ]
SQL: SHOW COLUMNS FROM `sr_users` [ RunTime:0.0009s ]
SQL: SHOW COLUMNS FROM `sr_buildings` [ RunTime:0.0006s ]
SQL: SELECT b.building_id AS id,b.name_cn AS name,co.name_cn AS country_name,ci.name_cn AS city_name FROM sr_buildings b LEFT JOIN sr_country co ON co.country_id=b.country_id LEFT JOIN sr_city ci ON ci.city_id=b.city_id  WHERE b.status = 1 AND b.is_hot = 1 ORDER BY b.sort DESC,b.building_id DESC LIMIT 20,20   [ RunTime:0.0006s ]

[ 2020-02-27T11:26:50+08:00 ] 110.156.54.3 /api
INFO: [ app_init ] --START--
INFO: Run Behavior\BuildLiteBehavior [ RunTime:0.000015s ]
INFO: [ app_init ] --END-- [ RunTime:0.000295s ]
INFO: [ app_begin ] --START--
INFO: Run Behavior\ReadHtmlCacheBehavior [ RunTime:0.000515s ]
INFO: [ app_begin ] --END-- [ RunTime:0.000592s ]
SQL: SHOW COLUMNS FROM `sr_users` [ RunTime:0.0006s ]
SQL: SHOW COLUMNS FROM `sr_buildings` [ RunTime:0.0006s ]
SQL: SELECT b.building_id AS id,b.name_cn AS name,co.name_cn AS country_name,ci.name_cn AS city_name FROM sr_buildings b LEFT JOIN sr_country co ON co.country_id=b.country_id LEFT JOIN sr_city ci ON ci.city_id=b.city_id  WHERE b.status = 1 AND b.is_hot = 1 ORDER BY b.sort DESC,b.building_id DESC LIMIT 20,20   [ RunTime:0.0004s ]

[ 2020-02-27T11:35:18+08:00 ] 101.80.210.145 /api
INFO: [ app_init ] --START--
INFO: Run Behavior\BuildLiteBehavior [ RunTime:0.000019s ]
INFO: [ app_init ] --END-- [ RunTime:0.000427s ]
INFO: [ app_begin ] --START--
INFO: Run Behavior\ReadHtmlCacheBehavior [ RunTime:0.000540s ]
INFO: [ app_begin ] --END-- [ RunTime:0.000651s ]
SQL: SHOW COLUMNS FROM `sr_users` [ RunTime:0.0006s ]
SQL: SHOW COLUMNS FROM `sr_variables` [ RunTime:0.0036s ]
SQL: SELECT `value` FROM `sr_variables` WHERE `q` = 'Rvv9NimNTk' LIMIT 1   [ RunTime:0.0170s ]
SQL: SHOW COLUMNS FROM `sr_common_lang` [ RunTime:0.0017s ]
SQL: SELECT `lkey`,`cn` FROM `sr_common_lang` WHERE `status` = 1 ORDER BY lkey ASC  [ RunTime:0.0005s ]

[ 2020-02-27T11:35:18+08:00 ] 101.80.210.145 /api
INFO: [ app_init ] --START--
INFO: Run Behavior\BuildLiteBehavior [ RunTime:0.000026s ]
INFO: [ app_init ] --END-- [ RunTime:0.000279s ]
INFO: [ app_begin ] --START--
INFO: Run Behavior\ReadHtmlCacheBehavior [ RunTime:0.000426s ]
INFO: [ app_begin ] --END-- [ RunTime:0.000490s ]
SQL: SHOW COLUMNS FROM `sr_users` [ RunTime:0.0006s ]
SQL: SHOW COLUMNS FROM `sr_variables` [ RunTime:0.0005s ]
SQL: SELECT `value` FROM `sr_variables` WHERE `q` = 'Rvv9NimNTk' LIMIT 1   [ RunTime:0.0002s ]
SQL: SELECT * FROM `sr_users` WHERE `user_id` = 14 LIMIT 1   [ RunTime:0.0003s ]

[ 2020-02-27T11:35:19+08:00 ] 101.80.210.145 /api
INFO: [ app_init ] --START--
INFO: Run Behavior\BuildLiteBehavior [ RunTime:0.000021s ]
INFO: [ app_init ] --END-- [ RunTime:0.000292s ]
INFO: [ app_begin ] --START--
INFO: Run Behavior\ReadHtmlCacheBehavior [ RunTime:0.000519s ]
INFO: [ app_begin ] --END-- [ RunTime:0.000598s ]
SQL: SHOW COLUMNS FROM `sr_users` [ RunTime:0.0007s ]
SQL: SHOW COLUMNS FROM `sr_variables` [ RunTime:0.0006s ]
SQL: SELECT `value` FROM `sr_variables` WHERE `q` = 'Rvv9NimNTk' LIMIT 1   [ RunTime:0.0002s ]
NOTIC: [2] Missing argument 2 for Common\Model\WeblogicModel::service(), called in /pool/www/squirreal/Application/Api/Controller/HomeController.class.php on line 18 and defined /pool/www/squirreal/Application/Common/Model/WeblogicModel.class.php 第 7 行.
NOTIC: [8] Undefined variable: args /pool/www/squirreal/Application/Common/Model/WeblogicModel.class.php 第 11 行.
SQL: SHOW COLUMNS FROM `sr_country` [ RunTime:0.0007s ]
SQL: SELECT country_id AS id,name_cn AS name,`abbr`,national_flag AS cover,`web_cover_img`,`is_immigrant`,intro_cn AS intro FROM `sr_country` WHERE `status` = 1 AND `is_hot` = 1 ORDER BY sort DESC,country_id DESC LIMIT 20   [ RunTime:0.0029s ]
SQL: SELECT `q` FROM `sr_variables` WHERE `name` = 'country.id.17' LIMIT 1   [ RunTime:0.0004s ]
SQL: SELECT `q` FROM `sr_variables` WHERE `name` = 'country.id.18' LIMIT 1   [ RunTime:0.0002s ]
SQL: SELECT `q` FROM `sr_variables` WHERE `name` = 'country.id.23' LIMIT 1   [ RunTime:0.0002s ]
SQL: SHOW COLUMNS FROM `sr_city` [ RunTime:0.0007s ]
SQL: SELECT ci.city_id AS id,ci.name_cn AS name,co.name_cn AS country_name,ci.abbr,ci.cover,ci.web_cover_img FROM sr_city ci LEFT JOIN sr_country co ON co.country_id=ci.country_id  WHERE ci.status = 1 AND ci.is_hot = 1 ORDER BY ci.sort DESC,ci.city_id DESC LIMIT 20   [ RunTime:0.0003s ]
SQL: SELECT `q` FROM `sr_variables` WHERE `name` = 'city.id.4' LIMIT 1   [ RunTime:0.0002s ]
SQL: SELECT `q` FROM `sr_variables` WHERE `name` = 'city.id.9' LIMIT 1   [ RunTime:0.0002s ]
SQL: SELECT `q` FROM `sr_variables` WHERE `name` = 'city.id.10' LIMIT 1   [ RunTime:0.0001s ]
SQL: SELECT `q` FROM `sr_variables` WHERE `name` = 'city.id.14' LIMIT 1   [ RunTime:0.0001s ]
SQL: SHOW COLUMNS FROM `sr_media` [ RunTime:0.0006s ]
SQL: SELECT `type`,`mtype`,`link_type`,`link_url`,`file` FROM `sr_media` WHERE `mtype` = 7 AND `status` = 1 AND `source_id` = 0 ORDER BY sort ASC, media_id ASC  [ RunTime:0.0003s ]

[ 2020-02-27T11:35:19+08:00 ] 101.80.210.145 /api
INFO: [ app_init ] --START--
INFO: Run Behavior\BuildLiteBehavior [ RunTime:0.000018s ]
INFO: [ app_init ] --END-- [ RunTime:0.000282s ]
INFO: [ app_begin ] --START--
INFO: Run Behavior\ReadHtmlCacheBehavior [ RunTime:0.000580s ]
INFO: [ app_begin ] --END-- [ RunTime:0.000675s ]
SQL: SHOW COLUMNS FROM `sr_users` [ RunTime:0.0006s ]
SQL: SHOW COLUMNS FROM `sr_variables` [ RunTime:0.0005s ]
SQL: SELECT `value` FROM `sr_variables` WHERE `q` = 'Rvv9NimNTk' LIMIT 1   [ RunTime:0.0002s ]
SQL: SHOW COLUMNS FROM `sr_buildings` [ RunTime:0.0006s ]
SQL: SELECT b.building_id AS id,b.name_cn AS name,co.name_cn AS country_name,ci.name_cn AS city_name FROM sr_buildings b LEFT JOIN sr_country co ON co.country_id=b.country_id LEFT JOIN sr_city ci ON ci.city_id=b.city_id  WHERE b.status = 1 AND b.is_hot = 1 ORDER BY b.sort DESC,b.building_id DESC LIMIT 0,20   [ RunTime:0.0005s ]
SQL: SHOW COLUMNS FROM `sr_buildings_apartment` [ RunTime:0.0006s ]
SQL: SHOW COLUMNS FROM `sr_media` [ RunTime:0.0005s ]
SQL: SHOW COLUMNS FROM `sr_common_tags` [ RunTime:0.0004s ]
SQL: SELECT `name_cn` FROM `sr_common_tags` WHERE `type` = 1 AND `source_id` = 11 AND `status` = 1 ORDER BY tag_id ASC LIMIT 1   [ RunTime:0.0003s ]
SQL: SELECT `price_cn` FROM `sr_buildings_apartment` WHERE `building_id` = 11 AND `status` = 1 ORDER BY price_cn ASC LIMIT 1   [ RunTime:0.0002s ]
SQL: SELECT `file` FROM `sr_media` WHERE `source_id` = 11 AND `type` = 1 AND `mtype` = 3 AND `status` = 1 ORDER BY sort ASC LIMIT 1   [ RunTime:0.0002s ]
SQL: SELECT `q` FROM `sr_variables` WHERE `name` = 'building.id.11' LIMIT 1   [ RunTime:0.0001s ]
SQL: SELECT `name_cn` FROM `sr_common_tags` WHERE `type` = 1 AND `source_id` = 10 AND `status` = 1 ORDER BY tag_id ASC LIMIT 1   [ RunTime:0.0001s ]
SQL: SELECT `price_cn` FROM `sr_buildings_apartment` WHERE `building_id` = 10 AND `status` = 1 ORDER BY price_cn ASC LIMIT 1   [ RunTime:0.0001s ]
SQL: SELECT `file` FROM `sr_media` WHERE `source_id` = 10 AND `type` = 1 AND `mtype` = 3 AND `status` = 1 ORDER BY sort ASC LIMIT 1   [ RunTime:0.0002s ]
SQL: SELECT `q` FROM `sr_variables` WHERE `name` = 'building.id.10' LIMIT 1   [ RunTime:0.0002s ]
SQL: SELECT `name_cn` FROM `sr_common_tags` WHERE `type` = 1 AND `source_id` = 7 AND `status` = 1 ORDER BY tag_id ASC LIMIT 1   [ RunTime:0.0001s ]
SQL: SELECT `price_cn` FROM `sr_buildings_apartment` WHERE `building_id` = 7 AND `status` = 1 ORDER BY price_cn ASC LIMIT 1   [ RunTime:0.0002s ]
SQL: SELECT `file` FROM `sr_media` WHERE `source_id` = 7 AND `type` = 1 AND `mtype` = 3 AND `status` = 1 ORDER BY sort ASC LIMIT 1   [ RunTime:0.0002s ]
SQL: SELECT `q` FROM `sr_variables` WHERE `name` = 'building.id.7' LIMIT 1   [ RunTime:0.0001s ]
SQL: SELECT `name_cn` FROM `sr_common_tags` WHERE `type` = 1 AND `source_id` = 5 AND `status` = 1 ORDER BY tag_id ASC LIMIT 1   [ RunTime:0.0002s ]
SQL: SELECT `price_cn` FROM `sr_buildings_apartment` WHERE `building_id` = 5 AND `status` = 1 ORDER BY price_cn ASC LIMIT 1   [ RunTime:0.0002s ]
SQL: SELECT `file` FROM `sr_media` WHERE `source_id` = 5 AND `type` = 1 AND `mtype` = 3 AND `status` = 1 ORDER BY sort ASC LIMIT 1   [ RunTime:0.0002s ]
SQL: SELECT `q` FROM `sr_variables` WHERE `name` = 'building.id.5' LIMIT 1   [ RunTime:0.0001s ]
SQL: SELECT `name_cn` FROM `sr_common_tags` WHERE `type` = 1 AND `source_id` = 4 AND `status` = 1 ORDER BY tag_id ASC LIMIT 1   [ RunTime:0.0001s ]
SQL: SELECT `price_cn` FROM `sr_buildings_apartment` WHERE `building_id` = 4 AND `status` = 1 ORDER BY price_cn ASC LIMIT 1   [ RunTime:0.0002s ]
SQL: SELECT `file` FROM `sr_media` WHERE `source_id` = 4 AND `type` = 1 AND `mtype` = 3 AND `status` = 1 ORDER BY sort ASC LIMIT 1   [ RunTime:0.0002s ]
SQL: SELECT `q` FROM `sr_variables` WHERE `name` = 'building.id.4' LIMIT 1   [ RunTime:0.0002s ]
SQL: SELECT `name_cn` FROM `sr_common_tags` WHERE `type` = 1 AND `source_id` = 8 AND `status` = 1 ORDER BY tag_id ASC LIMIT 1   [ RunTime:0.0002s ]
SQL: SELECT `price_cn` FROM `sr_buildings_apartment` WHERE `building_id` = 8 AND `status` = 1 ORDER BY price_cn ASC LIMIT 1   [ RunTime:0.0001s ]
SQL: SELECT `file` FROM `sr_media` WHERE `source_id` = 8 AND `type` = 1 AND `mtype` = 3 AND `status` = 1 ORDER BY sort ASC LIMIT 1   [ RunTime:0.0002s ]
SQL: SELECT `q` FROM `sr_variables` WHERE `name` = 'building.id.8' LIMIT 1   [ RunTime:0.0001s ]
SQL: SELECT `name_cn` FROM `sr_common_tags` WHERE `type` = 1 AND `source_id` = 6 AND `status` = 1 ORDER BY tag_id ASC LIMIT 1   [ RunTime:0.0002s ]
SQL: SELECT `price_cn` FROM `sr_buildings_apartment` WHERE `building_id` = 6 AND `status` = 1 ORDER BY price_cn ASC LIMIT 1   [ RunTime:0.0002s ]
SQL: SELECT `file` FROM `sr_media` WHERE `source_id` = 6 AND `type` = 1 AND `mtype` = 3 AND `status` = 1 ORDER BY sort ASC LIMIT 1   [ RunTime:0.0002s ]
SQL: SELECT `q` FROM `sr_variables` WHERE `name` = 'building.id.6' LIMIT 1   [ RunTime:0.0001s ]

[ 2020-02-27T11:35:21+08:00 ] 101.80.210.145 /api
INFO: [ app_init ] --START--
INFO: Run Behavior\BuildLiteBehavior [ RunTime:0.000016s ]
INFO: [ app_init ] --END-- [ RunTime:0.000270s ]
INFO: [ app_begin ] --START--
INFO: Run Behavior\ReadHtmlCacheBehavior [ RunTime:0.000424s ]
INFO: [ app_begin ] --END-- [ RunTime:0.000494s ]
SQL: SHOW COLUMNS FROM `sr_users` [ RunTime:0.0007s ]
SQL: SHOW COLUMNS FROM `sr_variables` [ RunTime:0.0006s ]
SQL: SELECT `value` FROM `sr_variables` WHERE `q` = 'Rvv9NimNTk' LIMIT 1   [ RunTime:0.0002s ]
SQL: SELECT `value` FROM `sr_variables` WHERE `q` = 'ggGtFGlnan' LIMIT 1   [ RunTime:0.0002s ]
SQL: SHOW COLUMNS FROM `sr_buildings` [ RunTime:0.0006s ]
SQL: SELECT b.*,co.name_cn AS country_name,co.country_id,co.lending_rate AS lending_rate,ci.name_cn AS city_name,ci.city_id FROM sr_buildings b LEFT JOIN sr_country co ON co.country_id=b.country_id LEFT JOIN sr_city ci ON ci.city_id=b.city_id  WHERE b.status = 1 AND b.building_id = '11' LIMIT 1   [ RunTime:0.0003s ]
SQL: SELECT `q` FROM `sr_variables` WHERE `name` = 'country_id.18' LIMIT 1   [ RunTime:0.0002s ]
SQL: SELECT `q` FROM `sr_variables` WHERE `name` = 'city_id.10' LIMIT 1   [ RunTime:0.0002s ]
SQL: SHOW COLUMNS FROM `sr_media` [ RunTime:0.0005s ]
SQL: SELECT `file` FROM `sr_media` WHERE `mtype` = 5 AND `status` = 1 AND `source_id` = 11 ORDER BY sort ASC, media_id ASC LIMIT 1   [ RunTime:0.0003s ]
SQL: SELECT `type`,`mtype`,`link_type`,`link_url`,`file` FROM `sr_media` WHERE `mtype` = 3 AND `status` = 1 AND `source_id` = 11 ORDER BY sort ASC, media_id ASC  [ RunTime:0.0003s ]
SQL: SHOW COLUMNS FROM `sr_brokers` [ RunTime:0.0005s ]
SQL: SELECT name_cn AS name,certificate_cn AS certificate,languages_cn AS languages,experience_cn AS experience,education_cn AS education,`avatar`,`birthday`,`tel` FROM `sr_brokers` WHERE `status` = 1 AND `broker_id` = 4 LIMIT 1   [ RunTime:0.0002s ]
SQL: SHOW COLUMNS FROM `sr_buildings_apartment` [ RunTime:0.0004s ]
SQL: SELECT name_cn AS name,area_cn AS area,price_cn AS price FROM `sr_buildings_apartment` WHERE `status` = 1 AND `building_id` = 11 ORDER BY aid ASC  [ RunTime:0.0002s ]
SQL: SHOW COLUMNS FROM `sr_common_tags` [ RunTime:0.0004s ]
SQL: SELECT name_cn AS name,intro_cn AS intro,`icon` FROM `sr_common_tags` WHERE `status` = 1 AND `type` = 1 AND `source_id` = 11 ORDER BY tag_id ASC LIMIT 0,4   [ RunTime:0.0002s ]
SQL: SELECT name_cn AS name,intro_cn AS intro,`icon` FROM `sr_common_tags` WHERE `status` = 1 AND `type` = 1 AND `source_id` = 11 ORDER BY tag_id ASC LIMIT 4,4   [ RunTime:0.0002s ]
SQL: SELECT `type`,`mtype`,`link_type`,`link_url`,`file` FROM `sr_media` WHERE `mtype` = 4 AND `status` = 1 AND `source_id` = 11 ORDER BY sort ASC, media_id ASC  [ RunTime:0.0002s ]
SQL: SHOW COLUMNS FROM `sr_common_lang` [ RunTime:0.0003s ]
SQL: SELECT `cn` FROM `sr_common_lang` WHERE `lkey` = 'YEAR' LIMIT 1   [ RunTime:0.0002s ]

[ 2020-02-27T11:36:04+08:00 ] 101.80.210.145 /api
INFO: [ app_init ] --START--
INFO: Run Behavior\BuildLiteBehavior [ RunTime:0.000016s ]
INFO: [ app_init ] --END-- [ RunTime:0.000260s ]
INFO: [ app_begin ] --START--
INFO: Run Behavior\ReadHtmlCacheBehavior [ RunTime:0.000439s ]
INFO: [ app_begin ] --END-- [ RunTime:0.000497s ]
SQL: SHOW COLUMNS FROM `sr_users` [ RunTime:0.0008s ]
SQL: SHOW COLUMNS FROM `sr_variables` [ RunTime:0.0057s ]
SQL: SELECT `value` FROM `sr_variables` WHERE `q` = 'Rvv9NimNTk' LIMIT 1   [ RunTime:0.0002s ]
SQL: SELECT `value` FROM `sr_variables` WHERE `q` = 'rQPacD4P11' LIMIT 1   [ RunTime:0.0002s ]
SQL: SHOW COLUMNS FROM `sr_country` [ RunTime:0.0005s ]
SQL: SELECT * FROM `sr_country` WHERE `status` = 1 AND `country_id` = 18 LIMIT 1   [ RunTime:0.0003s ]
SQL: SHOW COLUMNS FROM `sr_media` [ RunTime:0.0004s ]
SQL: SELECT `type`,`mtype`,`link_type`,`link_url`,`file` FROM `sr_media` WHERE `mtype` = 1 AND `status` = 1 AND `source_id` = 18 ORDER BY sort ASC, media_id ASC  [ RunTime:0.0085s ]
SQL: SHOW COLUMNS FROM `sr_city` [ RunTime:0.0005s ]
SQL: SELECT city_id AS id,name_cn AS name,`abbr`,`cover`,`web_cover_img` FROM `sr_city` WHERE `status` = 1 AND `is_hot` = 1 AND `country_id` = 18 ORDER BY sort DESC,city_id DESC LIMIT 20   [ RunTime:0.0002s ]
SQL: SELECT `q` FROM `sr_variables` WHERE `name` = 'city.id.10' LIMIT 1   [ RunTime:0.0002s ]

[ 2020-02-27T11:36:04+08:00 ] 101.80.210.145 /api
INFO: [ app_init ] --START--
INFO: Run Behavior\BuildLiteBehavior [ RunTime:0.000014s ]
INFO: [ app_init ] --END-- [ RunTime:0.000247s ]
INFO: [ app_begin ] --START--
INFO: Run Behavior\ReadHtmlCacheBehavior [ RunTime:0.000355s ]
INFO: [ app_begin ] --END-- [ RunTime:0.000398s ]
SQL: SHOW COLUMNS FROM `sr_users` [ RunTime:0.0006s ]
SQL: SHOW COLUMNS FROM `sr_variables` [ RunTime:0.0004s ]
SQL: SELECT `value` FROM `sr_variables` WHERE `q` = 'Rvv9NimNTk' LIMIT 1   [ RunTime:0.0002s ]
SQL: SELECT `value` FROM `sr_variables` WHERE `q` = 'rQPacD4P11' LIMIT 1   [ RunTime:0.0002s ]
SQL: SHOW COLUMNS FROM `sr_buildings` [ RunTime:0.0005s ]
SQL: SELECT b.building_id AS id,b.name_cn AS name,co.name_cn AS country_name,ci.name_cn AS city_name FROM sr_buildings b LEFT JOIN sr_country co ON co.country_id=b.country_id LEFT JOIN sr_city ci ON ci.city_id=b.city_id  WHERE b.status = 1 AND b.country_id = '18' ORDER BY b.sort DESC,b.building_id DESC LIMIT 0,20   [ RunTime:0.0003s ]
SQL: SHOW COLUMNS FROM `sr_buildings_apartment` [ RunTime:0.0004s ]
SQL: SHOW COLUMNS FROM `sr_media` [ RunTime:0.0003s ]
SQL: SHOW COLUMNS FROM `sr_common_tags` [ RunTime:0.0003s ]
SQL: SELECT `name_cn` FROM `sr_common_tags` WHERE `type` = 1 AND `source_id` = 11 AND `status` = 1 ORDER BY tag_id ASC LIMIT 1   [ RunTime:0.0002s ]
SQL: SELECT `price_cn` FROM `sr_buildings_apartment` WHERE `building_id` = 11 AND `status` = 1 ORDER BY price_cn ASC LIMIT 1   [ RunTime:0.0002s ]
SQL: SELECT `file` FROM `sr_media` WHERE `source_id` = 11 AND `type` = 1 AND `mtype` = 3 AND `status` = 1 ORDER BY sort ASC LIMIT 1   [ RunTime:0.0002s ]
SQL: SELECT `q` FROM `sr_variables` WHERE `name` = 'building.id.11' LIMIT 1   [ RunTime:0.0001s ]
SQL: SELECT `name_cn` FROM `sr_common_tags` WHERE `type` = 1 AND `source_id` = 10 AND `status` = 1 ORDER BY tag_id ASC LIMIT 1   [ RunTime:0.0001s ]
SQL: SELECT `price_cn` FROM `sr_buildings_apartment` WHERE `building_id` = 10 AND `status` = 1 ORDER BY price_cn ASC LIMIT 1   [ RunTime:0.0001s ]
SQL: SELECT `file` FROM `sr_media` WHERE `source_id` = 10 AND `type` = 1 AND `mtype` = 3 AND `status` = 1 ORDER BY sort ASC LIMIT 1   [ RunTime:0.0002s ]
SQL: SELECT `q` FROM `sr_variables` WHERE `name` = 'building.id.10' LIMIT 1   [ RunTime:0.0001s ]

[ 2020-02-27T11:36:06+08:00 ] 101.80.210.145 /api
INFO: [ app_init ] --START--
INFO: Run Behavior\BuildLiteBehavior [ RunTime:0.000036s ]
INFO: [ app_init ] --END-- [ RunTime:0.000354s ]
INFO: [ app_begin ] --START--
INFO: Run Behavior\ReadHtmlCacheBehavior [ RunTime:0.000482s ]
INFO: [ app_begin ] --END-- [ RunTime:0.000541s ]
SQL: SHOW COLUMNS FROM `sr_users` [ RunTime:0.0007s ]
SQL: SHOW COLUMNS FROM `sr_variables` [ RunTime:0.0006s ]
SQL: SELECT `value` FROM `sr_variables` WHERE `q` = 'Rvv9NimNTk' LIMIT 1   [ RunTime:0.0002s ]
SQL: SELECT `value` FROM `sr_variables` WHERE `q` = 'rQPacD4P11' LIMIT 1   [ RunTime:0.0003s ]
SQL: SHOW COLUMNS FROM `sr_buildings` [ RunTime:0.0006s ]
SQL: SELECT b.building_id AS id,b.name_cn AS name,co.name_cn AS country_name,ci.name_cn AS city_name FROM sr_buildings b LEFT JOIN sr_country co ON co.country_id=b.country_id LEFT JOIN sr_city ci ON ci.city_id=b.city_id  WHERE b.status = 1 AND b.country_id = '18' ORDER BY b.sort DESC,b.building_id DESC LIMIT 20,20   [ RunTime:0.0004s ]

[ 2020-02-27T11:36:08+08:00 ] 101.80.210.145 /api
INFO: [ app_init ] --START--
INFO: Run Behavior\BuildLiteBehavior [ RunTime:0.000022s ]
INFO: [ app_init ] --END-- [ RunTime:0.000356s ]
INFO: [ app_begin ] --START--
INFO: Run Behavior\ReadHtmlCacheBehavior [ RunTime:0.000418s ]
INFO: [ app_begin ] --END-- [ RunTime:0.000472s ]
SQL: SHOW COLUMNS FROM `sr_users` [ RunTime:0.0006s ]
SQL: SHOW COLUMNS FROM `sr_variables` [ RunTime:0.0005s ]
SQL: SELECT `value` FROM `sr_variables` WHERE `q` = 'Rvv9NimNTk' LIMIT 1   [ RunTime:0.0003s ]
SQL: SELECT `value` FROM `sr_variables` WHERE `q` = 'ggGtFGlnan' LIMIT 1   [ RunTime:0.0002s ]
SQL: SHOW COLUMNS FROM `sr_buildings` [ RunTime:0.0006s ]
SQL: SELECT b.*,co.name_cn AS country_name,co.country_id,co.lending_rate AS lending_rate,ci.name_cn AS city_name,ci.city_id FROM sr_buildings b LEFT JOIN sr_country co ON co.country_id=b.country_id LEFT JOIN sr_city ci ON ci.city_id=b.city_id  WHERE b.status = 1 AND b.building_id = '11' LIMIT 1   [ RunTime:0.0004s ]
SQL: SELECT `q` FROM `sr_variables` WHERE `name` = 'country_id.18' LIMIT 1   [ RunTime:0.0002s ]
SQL: SELECT `q` FROM `sr_variables` WHERE `name` = 'city_id.10' LIMIT 1   [ RunTime:0.0001s ]
SQL: SHOW COLUMNS FROM `sr_media` [ RunTime:0.0004s ]
SQL: SELECT `file` FROM `sr_media` WHERE `mtype` = 5 AND `status` = 1 AND `source_id` = 11 ORDER BY sort ASC, media_id ASC LIMIT 1   [ RunTime:0.0002s ]
SQL: SELECT `type`,`mtype`,`link_type`,`link_url`,`file` FROM `sr_media` WHERE `mtype` = 3 AND `status` = 1 AND `source_id` = 11 ORDER BY sort ASC, media_id ASC  [ RunTime:0.0002s ]
SQL: SHOW COLUMNS FROM `sr_brokers` [ RunTime:0.0005s ]
SQL: SELECT name_cn AS name,certificate_cn AS certificate,languages_cn AS languages,experience_cn AS experience,education_cn AS education,`avatar`,`birthday`,`tel` FROM `sr_brokers` WHERE `status` = 1 AND `broker_id` = 4 LIMIT 1   [ RunTime:0.0001s ]
SQL: SHOW COLUMNS FROM `sr_buildings_apartment` [ RunTime:0.0004s ]
SQL: SELECT name_cn AS name,area_cn AS area,price_cn AS price FROM `sr_buildings_apartment` WHERE `status` = 1 AND `building_id` = 11 ORDER BY aid ASC  [ RunTime:0.0002s ]
SQL: SHOW COLUMNS FROM `sr_common_tags` [ RunTime:0.0004s ]
SQL: SELECT name_cn AS name,intro_cn AS intro,`icon` FROM `sr_common_tags` WHERE `status` = 1 AND `type` = 1 AND `source_id` = 11 ORDER BY tag_id ASC LIMIT 0,4   [ RunTime:0.0002s ]
SQL: SELECT name_cn AS name,intro_cn AS intro,`icon` FROM `sr_common_tags` WHERE `status` = 1 AND `type` = 1 AND `source_id` = 11 ORDER BY tag_id ASC LIMIT 4,4   [ RunTime:0.0002s ]
SQL: SELECT `type`,`mtype`,`link_type`,`link_url`,`file` FROM `sr_media` WHERE `mtype` = 4 AND `status` = 1 AND `source_id` = 11 ORDER BY sort ASC, media_id ASC  [ RunTime:0.0003s ]
SQL: SHOW COLUMNS FROM `sr_common_lang` [ RunTime:0.0004s ]
SQL: SELECT `cn` FROM `sr_common_lang` WHERE `lkey` = 'YEAR' LIMIT 1   [ RunTime:0.0002s ]

